#
# There is insufficient memory for the Java Runtime Environment to continue.
# Native memory allocation (mmap) failed to map 255852544 bytes. Error detail: G1 virtual space
# Possible reasons:
#   The system is out of physical RAM or swap space
#   This process is running with CompressedOops enabled, and the Java Heap may be blocking the growth of the native heap
# Possible solutions:
#   Reduce memory load on the system
#   Increase physical memory or swap space
#   Check if swap backing store is full
#   Decrease Java heap size (-Xmx/-Xms)
#   Decrease number of Java threads
#   Decrease Java thread stack sizes (-Xss)
#   Set larger code cache with -XX:ReservedCodeCacheSize=
#   JVM is running with Zero Based Compressed Oops mode in which the Java heap is
#     placed in the first 32GB address space. The Java Heap base address is the
#     maximum limit for the native heap growth. Please use -XX:HeapBaseMinAddress
#     to set the Java Heap base and to place the Java Heap above 32GB virtual address.
# This output file may be truncated or incomplete.
#
#  Out of Memory Error (os_windows.cpp:3925), pid=288952, tid=235832
#
# JRE version:  (21.0.8) (build )
# Java VM: OpenJDK 64-Bit Server VM (21.0.8+-14196175-b1038.72, mixed mode, sharing, tiered, compressed oops, compressed class ptrs, g1 gc, windows-amd64)
# No core dump will be written. Minidumps are not enabled by default on client versions of Windows
#

---------------  S U M M A R Y ------------

Command Line: git4idea.http.GitAskPassApp Username for 'https://github.com': 

Host: AMD Ryzen 7 7745HX with Radeon Graphics        , 16 cores, 15G,  Windows 11 , 64 bit Build 26100 (10.0.26100.7309)
Time: Tue Jan  6 02:54:22 2026 Malay Peninsula Standard Time elapsed time: 1.061906 seconds (0d 0h 0m 1s)

---------------  T H R E A D  ---------------

Current thread (0x0000015c34c41bb0):  JavaThread "Unknown thread" [_thread_in_vm, id=235832, stack(0x0000004cd0c00000,0x0000004cd0d00000) (1024K)]

Stack: [0x0000004cd0c00000,0x0000004cd0d00000]
Native frames: (J=compiled Java code, j=interpreted, Vv=VM code, C=native code)
V  [jvm.dll+0x6d68d9]
V  [jvm.dll+0x866693]
V  [jvm.dll+0x868c4e]
V  [jvm.dll+0x869333]
V  [jvm.dll+0x280566]
V  [jvm.dll+0x6d3195]
V  [jvm.dll+0x6c69ea]
V  [jvm.dll+0x3586db]
V  [jvm.dll+0x360336]
V  [jvm.dll+0x3b23f6]
V  [jvm.dll+0x3b26c8]
V  [jvm.dll+0x32ae6c]
V  [jvm.dll+0x32bb5b]
V  [jvm.dll+0x82e109]
V  [jvm.dll+0x3bf5c8]
V  [jvm.dll+0x817388]
V  [jvm.dll+0x453b6e]
V  [jvm.dll+0x4552d1]
C  [jli.dll+0x52ab]
C  [ucrtbase.dll+0x37b0]
C  [KERNEL32.DLL+0x2e8d7]
C  [ntdll.dll+0x8c53c]


---------------  P R O C E S S  ---------------

Threads class SMR info:
_java_thread_list=0x00007ffcce33b988, length=0, elements={
}

Java Threads: ( => current thread )
Total: 0

Other Threads:
  0x0000015c3702a9c0 WorkerThread "GC Thread#0"                     [id=283692, stack(0x0000004cd0d00000,0x0000004cd0e00000) (1024K)]
  0x0000015c3703baf0 ConcurrentGCThread "G1 Main Marker"            [id=288348, stack(0x0000004cd0e00000,0x0000004cd0f00000) (1024K)]
  0x0000015c3703fcb0 WorkerThread "G1 Conc#0"                       [id=289476, stack(0x0000004cd0f00000,0x0000004cd1000000) (1024K)]

[error occurred during error reporting (printing all threads), id 0xc0000005, EXCEPTION_ACCESS_VIOLATION (0xc0000005) at pc=0x00007ffccdb2ddd7]
VM state: not at safepoint (not fully initialized)

VM Mutex/Monitor currently owned by a thread:  ([mutex/lock_event])
[0x00007ffcce3a86b8] Heap_lock - owner thread: 0x0000015c34c41bb0

Heap address: 0x000000070ce00000, size: 3890 MB, Compressed Oops mode: Zero based, Oop shift amount: 3

CDS archive(s) mapped at: [0x0000000000000000-0x0000000000000000-0x0000000000000000), size 0, SharedBaseAddress: 0x0000000800000000, ArchiveRelocationMode: 1.
Narrow klass base: 0x0000000000000000, Narrow klass shift: 0, Narrow klass range: 0x0

GC Precious Log:
 CardTable entry size: 512
 Card Set container configuration: InlinePtr #cards 4 size 8 Array Of Cards #cards 16 size 48 Howl #buckets 8 coarsen threshold 3686 Howl Bitmap #cards 512 size 80 coarsen threshold 460 Card regions per heap region 1 cards per card region 4096

Heap:
 garbage-first heap   total 0K, used 0K [0x000000070ce00000, 0x0000000800000000)
  region size 2048K, 0 young (0K), 0 survivors (0K)
 Metaspace       used 0K, committed 0K, reserved 0K
  class space    used 0K, committed 0K, reserved 0K

Heap Regions: E=young(eden), S=young(survivor), O=old, HS=humongous(starts), HC=humongous(continues), CS=collection set, F=free, TAMS=top-at-mark-start, PB=parsable bottom

Card table byte_map: [0x0000015c4a140000,0x0000015c4a8e0000] _byte_map_base: 0x0000015c468d9000

Marking Bits: (CMBitMap*) 0x0000015c3702b0c0
 Bits: [0x0000015c4a8e0000, 0x0000015c4e5a8000)

GC Heap History (0 events):
No events

Dll operation events (1 events):
Event: 0.004 Loaded shared library D:\Program Files\Android\Android Studio\jbr\bin\java.dll

Deoptimization events (0 events):
No events

Classes loaded (0 events):
No events

Classes unloaded (0 events):
No events

Classes redefined (0 events):
No events

Internal exceptions (0 events):
No events

ZGC Phase Switch (0 events):
No events

VM Operations (0 events):
No events

Memory protections (0 events):
No events

Nmethod flushes (0 events):
No events

Events (0 events):
No events


Dynamic libraries:
0x00007ff7d6180000 - 0x00007ff7d618a000 	D:\Program Files\Android\Android Studio\jbr\bin\java.exe
0x00007ffd5bd40000 - 0x00007ffd5bfa7000 	C:\WINDOWS\SYSTEM32\ntdll.dll
0x00007ffd5aa00000 - 0x00007ffd5aac9000 	C:\WINDOWS\System32\KERNEL32.DLL
0x00007ffd596e0000 - 0x00007ffd59acf000 	C:\WINDOWS\System32\KERNELBASE.dll
0x00007ffd59080000 - 0x00007ffd591cb000 	C:\WINDOWS\System32\ucrtbase.dll
0x00007ffd4daa0000 - 0x00007ffd4dabb000 	D:\Program Files\Android\Android Studio\jbr\bin\VCRUNTIME140.dll
0x00007ffd4a590000 - 0x00007ffd4a5a8000 	D:\Program Files\Android\Android Studio\jbr\bin\jli.dll
0x00007ffd5bb30000 - 0x00007ffd5bcf5000 	C:\WINDOWS\System32\USER32.dll
0x00007ffd3e510000 - 0x00007ffd3e7a3000 	C:\WINDOWS\WinSxS\amd64_microsoft.windows.common-controls_6595b64144ccf1df_6.0.26100.7309_none_3e05feeae336a044\COMCTL32.dll
0x00007ffd59400000 - 0x00007ffd59427000 	C:\WINDOWS\System32\win32u.dll
0x00007ffd59d60000 - 0x00007ffd59d8b000 	C:\WINDOWS\System32\GDI32.dll
0x00007ffd5b230000 - 0x00007ffd5b2d9000 	C:\WINDOWS\System32\msvcrt.dll
0x00007ffd58e90000 - 0x00007ffd58fbc000 	C:\WINDOWS\System32\gdi32full.dll
0x00007ffd59430000 - 0x00007ffd594d3000 	C:\WINDOWS\System32\msvcp_win.dll
0x00007ffd59bc0000 - 0x00007ffd59bf1000 	C:\WINDOWS\System32\IMM32.DLL
0x00007ffd53080000 - 0x00007ffd5308c000 	D:\Program Files\Android\Android Studio\jbr\bin\vcruntime140_1.dll
0x00007ffca5d30000 - 0x00007ffca5dbd000 	D:\Program Files\Android\Android Studio\jbr\bin\msvcp140.dll
0x00007ffccd7f0000 - 0x00007ffcce486000 	D:\Program Files\Android\Android Studio\jbr\bin\server\jvm.dll
0x00007ffd59c90000 - 0x00007ffd59d44000 	C:\WINDOWS\System32\ADVAPI32.dll
0x00007ffd5ae90000 - 0x00007ffd5af36000 	C:\WINDOWS\System32\sechost.dll
0x00007ffd5b870000 - 0x00007ffd5b988000 	C:\WINDOWS\System32\RPCRT4.dll
0x00007ffd5b040000 - 0x00007ffd5b0b4000 	C:\WINDOWS\System32\WS2_32.dll
0x00007ffd57a70000 - 0x00007ffd57ace000 	C:\WINDOWS\SYSTEM32\POWRPROF.dll
0x00007ffd49470000 - 0x00007ffd494a5000 	C:\WINDOWS\SYSTEM32\WINMM.dll
0x00007ffd48e70000 - 0x00007ffd48e7b000 	C:\WINDOWS\SYSTEM32\VERSION.dll
0x00007ffd57a50000 - 0x00007ffd57a64000 	C:\WINDOWS\SYSTEM32\UMPDC.dll
0x00007ffd57d40000 - 0x00007ffd57d5b000 	C:\WINDOWS\SYSTEM32\kernel.appcore.dll
0x00007ffd4dbc0000 - 0x00007ffd4dbca000 	D:\Program Files\Android\Android Studio\jbr\bin\jimage.dll
0x00007ffd48b40000 - 0x00007ffd48d82000 	C:\WINDOWS\SYSTEM32\DBGHELP.DLL
0x00007ffd5aae0000 - 0x00007ffd5ae65000 	C:\WINDOWS\System32\combase.dll
0x00007ffd5a150000 - 0x00007ffd5a226000 	C:\WINDOWS\System32\OLEAUT32.dll
0x00007ffd22730000 - 0x00007ffd2276c000 	C:\WINDOWS\SYSTEM32\dbgcore.DLL
0x00007ffd59350000 - 0x00007ffd593f5000 	C:\WINDOWS\System32\bcryptPrimitives.dll
0x00007ffd4be40000 - 0x00007ffd4be60000 	D:\Program Files\Android\Android Studio\jbr\bin\java.dll

JVMTI agents: none

dbghelp: loaded successfully - version: 4.0.5 - missing functions: none
symbol engine: initialized successfully - sym options: 0x614 - pdb path: .;D:\Program Files\Android\Android Studio\jbr\bin;C:\WINDOWS\SYSTEM32;C:\WINDOWS\WinSxS\amd64_microsoft.windows.common-controls_6595b64144ccf1df_6.0.26100.7309_none_3e05feeae336a044;D:\Program Files\Android\Android Studio\jbr\bin\server

VM Arguments:
java_command: git4idea.http.GitAskPassApp Username for 'https://github.com': 
java_class_path (initial): D:/Program Files/Android/Android Studio/plugins/vcs-git/lib/git4idea-rt.jar;D:/Program Files/Android/Android Studio/lib/externalProcess-rt.jar
Launcher Type: SUN_STANDARD

[Global flags]
     intx CICompilerCount                          = 12                                        {product} {ergonomic}
     uint ConcGCThreads                            = 3                                         {product} {ergonomic}
     uint G1ConcRefinementThreads                  = 13                                        {product} {ergonomic}
   size_t G1HeapRegionSize                         = 2097152                                   {product} {ergonomic}
    uintx GCDrainStackTargetSize                   = 64                                        {product} {ergonomic}
   size_t InitialHeapSize                          = 255852544                                 {product} {ergonomic}
   size_t MarkStackSize                            = 4194304                                   {product} {ergonomic}
   size_t MaxHeapSize                              = 4078960640                                {product} {ergonomic}
   size_t MinHeapDeltaBytes                        = 2097152                                   {product} {ergonomic}
   size_t MinHeapSize                              = 8388608                                   {product} {ergonomic}
    uintx NonNMethodCodeHeapSize                   = 7602480                                {pd product} {ergonomic}
    uintx NonProfiledCodeHeapSize                  = 122027880                              {pd product} {ergonomic}
    uintx ProfiledCodeHeapSize                     = 122027880                              {pd product} {ergonomic}
    uintx ReservedCodeCacheSize                    = 251658240                              {pd product} {ergonomic}
     bool SegmentedCodeCache                       = true                                      {product} {ergonomic}
   size_t SoftMaxHeapSize                          = 4078960640                             {manageable} {ergonomic}
     bool UseCompressedOops                        = true                           {product lp64_product} {ergonomic}
     bool UseG1GC                                  = true                                      {product} {ergonomic}
     bool UseLargePagesIndividualAllocation        = false                                  {pd product} {ergonomic}

Logging:
Log output configuration:
 #0: stdout all=warning uptime,level,tags foldmultilines=false
 #1: stderr all=off uptime,level,tags foldmultilines=false

Environment Variables:
JAVA_HOME=D:\Program Files\Android\Android Studio\jbr
PATH=C:\Program Files\Git\mingw64\libexec\git-core;C:\Program Files\Git\mingw64\libexec\git-core;C:\Program Files\Git\mingw64\bin;C:\Program Files\Git\usr\bin;C:\Users\LENOVO\bin;C:\Python312\Scripts;C:\Python312;C:\Program Files\Zulu\zulu-8\bin;C:\Windows\system32;C:\Windows;C:\Windows\System32\Wbem;C:\Windows\System32\WindowsPowerShell\v1.0;C:\Windows\System32\OpenSSH;C:\Program Files (x86)\NVIDIA Corporation\PhysX\Common;C:\MinGW\bin;D:\Program Files\Android\Android Studio\jbr\bin;C:\gradle-8.6\bin;C:\Program Files\Git\cmd;C:\WINDOWS\system32;C:\WINDOWS;C:\WINDOWS\System32\Wbem;C:\WINDOWS\System32\WindowsPowerShell\v1.0;C:\WINDOWS\System32\OpenSSH;C:\Program Files\nodejs;C:\ProgramData\chocolatey\bin;C:\Program Files\NVIDIA Corporation\NVIDIA app\NvDLISR;D:\xampp\php;C:\ProgramData\ComposerSetup\bin;C:\Users\LENOVO\AppData\Local\Microsoft\WindowsApps;D:\Microsoft VS Code\bin;D:\SOFTWARE\JetBrains\IntelliJ IDEA Community Edition 2023.3.4\bin;C:\Users\LENOVO\AppData\Roaming\npm;C:\Users\LENOVO\.lmstudio\bin;C:\Users\LENOVO\AppData\Roaming\Composer\vendor\bin;C:\flutter\bin
USERNAME=LENOVO
DISPLAY=:0.0
LC_ALL=en_US.UTF-8
TERM=xterm-256color
TMPDIR=C:\Users\LENOVO\AppData\Local\Temp
OS=Windows_NT
PROCESSOR_IDENTIFIER=AMD64 Family 25 Model 97 Stepping 2, AuthenticAMD
TMP=C:\Users\LENOVO\AppData\Local\Temp
TEMP=C:\Users\LENOVO\AppData\Local\Temp




Periodic native trim disabled

JNI global refs:
JNI global refs: 0, weak refs: 0

JNI global refs memory usage: 0, weak refs: 0

Process memory usage:
Resident Set Size: 12844K (0% of 15926300K total physical memory with 763312K free physical memory)

OOME stack traces (most recent first):
Classloader memory used:

---------------  S Y S T E M  ---------------

OS:
 Windows 11 , 64 bit Build 26100 (10.0.26100.7309)
OS uptime: 11 days 2:48 hours
Hyper-V role detected

CPU: total 16 (initial active 16) (16 cores per cpu, 2 threads per core) family 25 model 97 stepping 2 microcode 0xa60120c, cx8, cmov, fxsr, ht, mmx, 3dnowpref, sse, sse2, sse3, ssse3, sse4a, sse4.1, sse4.2, popcnt, lzcnt, tsc, tscinvbit, avx, avx2, aes, erms, clmul, bmi1, bmi2, adx, avx512f, avx512dq, avx512cd, avx512bw, avx512vl, sha, fma, vzeroupper, avx512_vpopcntdq, avx512_vpclmulqdq, avx512_vaes, avx512_vnni, clflush, clflushopt, avx512_vbmi2, avx512_vbmi, hv, rdtscp, rdpid, fsrm, gfni, avx512_bitalg, f16c, cet_ss, avx512_ifma
Processor Information for processor 0
  Max Mhz: 3601, Current Mhz: 2887, Mhz Limit: 3601
Processor Information for processor 1
  Max Mhz: 3601, Current Mhz: 2887, Mhz Limit: 3601
Processor Information for processor 2
  Max Mhz: 3601, Current Mhz: 3601, Mhz Limit: 3601
Processor Information for processor 3
  Max Mhz: 3601, Current Mhz: 2887, Mhz Limit: 3601
Processor Information for processor 4
  Max Mhz: 3601, Current Mhz: 2887, Mhz Limit: 3601
Processor Information for processor 5
  Max Mhz: 3601, Current Mhz: 2887, Mhz Limit: 3601
Processor Information for processor 6
  Max Mhz: 3601, Current Mhz: 2887, Mhz Limit: 3601
Processor Information for processor 7
  Max Mhz: 3601, Current Mhz: 2887, Mhz Limit: 3601
Processor Information for processor 8
  Max Mhz: 3601, Current Mhz: 2887, Mhz Limit: 3601
Processor Information for processor 9
  Max Mhz: 3601, Current Mhz: 2887, Mhz Limit: 3601
Processor Information for processor 10
  Max Mhz: 3601, Current Mhz: 2887, Mhz Limit: 3601
Processor Information for processor 11
  Max Mhz: 3601, Current Mhz: 2887, Mhz Limit: 3601
Processor Information for processor 12
  Max Mhz: 3601, Current Mhz: 2887, Mhz Limit: 3601
Processor Information for processor 13
  Max Mhz: 3601, Current Mhz: 2887, Mhz Limit: 3601
Processor Information for processor 14
  Max Mhz: 3601, Current Mhz: 2887, Mhz Limit: 3601
Processor Information for processor 15
  Max Mhz: 3601, Current Mhz: 2887, Mhz Limit: 3601

Memory: 4k page, system-wide physical 15553M (745M free)
TotalPageFile size 40553M (AvailPageFile size 243M)
current process WorkingSet (physical memory assigned to process): 12M, peak: 12M
current process commit charge ("private bytes"): 70M, peak: 314M

vm_info: OpenJDK 64-Bit Server VM (21.0.8+-14196175-b1038.72) for windows-amd64 JRE (21.0.8+-14196175-b1038.72), built on 2025-10-01T10:24:33Z by "builder" with MS VC++ 16.10 / 16.11 (VS2019)

END.
