#
# There is insufficient memory for the Java Runtime Environment to continue.
# Native memory allocation (mmap) failed to map 41943040 bytes. Error detail: G1 virtual space
# Possible reasons:
#   The system is out of physical RAM or swap space
#   This process is running with CompressedOops enabled, and the Java Heap may be blocking the growth of the native heap
# Possible solutions:
#   Reduce memory load on the system
#   Increase physical memory or swap space
#   Check if swap backing store is full
#   Decrease Java heap size (-Xmx/-Xms)
#   Decrease number of Java threads
#   Decrease Java thread stack sizes (-Xss)
#   Set larger code cache with -XX:ReservedCodeCacheSize=
#   JVM is running with Unscaled Compressed Oops mode in which the Java heap is
#     placed in the first 4GB address space. The Java Heap base address is the
#     maximum limit for the native heap growth. Please use -XX:HeapBaseMinAddress
#     to set the Java Heap base and to place the Java Heap above 4GB virtual address.
# This output file may be truncated or incomplete.
#
#  Out of Memory Error (os_windows.cpp:3925), pid=66000, tid=4344
#
# JRE version: OpenJDK Runtime Environment (21.0.8) (build 21.0.8+-14196175-b1038.72)
# Java VM: OpenJDK 64-Bit Server VM (21.0.8+-14196175-b1038.72, mixed mode, tiered, compressed oops, compressed class ptrs, g1 gc, windows-amd64)
# No core dump will be written. Minidumps are not enabled by default on client versions of Windows
#

---------------  S U M M A R Y ------------

Command Line: --add-opens=java.base/java.lang=ALL-UNNAMED --add-opens=java.base/java.lang.invoke=ALL-UNNAMED --add-opens=java.base/java.util=ALL-UNNAMED --add-opens=java.prefs/java.util.prefs=ALL-UNNAMED --add-exports=jdk.compiler/com.sun.tools.javac.api=ALL-UNNAMED --add-exports=jdk.compiler/com.sun.tools.javac.util=ALL-UNNAMED --add-opens=java.base/java.util=ALL-UNNAMED --add-opens=java.prefs/java.util.prefs=ALL-UNNAMED --add-opens=java.base/java.nio.charset=ALL-UNNAMED --add-opens=java.base/java.net=ALL-UNNAMED --add-opens=java.base/java.util.concurrent.atomic=ALL-UNNAMED --add-opens=java.xml/javax.xml.namespace=ALL-UNNAMED -Xmx2048m -Dfile.encoding=UTF-8 -Duser.country=ID -Duser.language=en -Duser.variant -javaagent:C:\Users\LENOVO\.gradle\wrapper\dists\gradle-8.13-bin\5xuhj0ry160q40clulazy9h7d\gradle-8.13\lib\agents\gradle-instrumentation-agent-8.13.jar org.gradle.launcher.daemon.bootstrap.GradleDaemon 8.13

Host: AMD Ryzen 7 7745HX with Radeon Graphics        , 16 cores, 15G,  Windows 11 , 64 bit Build 26100 (10.0.26100.7705)
Time: Mon Apr  6 23:51:13 2026 Malay Peninsula Standard Time elapsed time: 3.739378 seconds (0d 0h 0m 3s)

---------------  T H R E A D  ---------------

Current thread (0x00000211cd52af80):  VMThread "VM Thread"          [id=4344, stack(0x000000e3a2500000,0x000000e3a2600000) (1024K)]

Stack: [0x000000e3a2500000,0x000000e3a2600000]
Native frames: (J=compiled Java code, j=interpreted, Vv=VM code, C=native code)
V  [jvm.dll+0x6d68d9]
V  [jvm.dll+0x866693]
V  [jvm.dll+0x868c4e]
V  [jvm.dll+0x869333]
V  [jvm.dll+0x280566]
V  [jvm.dll+0x6d3195]
V  [jvm.dll+0x6c69ea]
V  [jvm.dll+0x3586db]
V  [jvm.dll+0x360336]
V  [jvm.dll+0x3b23f6]
V  [jvm.dll+0x3b26c8]
V  [jvm.dll+0x32ae6c]
V  [jvm.dll+0x32aef7]
V  [jvm.dll+0x370d3c]
V  [jvm.dll+0x36f4ee]
V  [jvm.dll+0x32a5c1]
V  [jvm.dll+0x36ebf0]
V  [jvm.dll+0x86f0b8]
V  [jvm.dll+0x870434]
V  [jvm.dll+0x870970]
V  [jvm.dll+0x870c03]
V  [jvm.dll+0x80eac8]
V  [jvm.dll+0x6d512d]
C  [ucrtbase.dll+0x37b0]
C  [KERNEL32.DLL+0x2e8d7]
C  [ntdll.dll+0x8c40c]

VM_Operation (0x000000e3a44f5ae0): G1CollectForAllocation, mode: safepoint, requested by thread 0x00000211d3d625f0


---------------  P R O C E S S  ---------------

Threads class SMR info:
_java_thread_list=0x00000211d95301a0, length=105, elements={
0x00000211b52f1380, 0x00000211cd5c8430, 0x00000211cd5c90f0, 0x00000211cd5c9b50,
0x00000211cd5caa90, 0x00000211cd5cb4f0, 0x00000211cd5f6f50, 0x00000211cd5f79b0,
0x00000211cd5f8740, 0x00000211cd5e9890, 0x00000211cd7ccd10, 0x00000211cd7cd3c0,
0x00000211d20b3a00, 0x00000211d20e57c0, 0x00000211d240f970, 0x00000211d30a8c70,
0x00000211d339a910, 0x00000211d3c23590, 0x00000211d3dc67c0, 0x00000211d3d261c0,
0x00000211d3f51e10, 0x00000211d3ee5290, 0x00000211d3d625f0, 0x00000211d3d61f60,
0x00000211d3d64030, 0x00000211d3d62c80, 0x00000211d3d64d50, 0x00000211d3d618d0,
0x00000211d3d646c0, 0x00000211d3d639a0, 0x00000211d4787470, 0x00000211d47860c0,
0x00000211d4786750, 0x00000211d4785a30, 0x00000211d4784d10, 0x00000211d4786de0,
0x00000211d47853a0, 0x00000211d4789540, 0x00000211d478a260, 0x00000211d4789bd0,
0x00000211d478a8f0, 0x00000211d478af80, 0x00000211d478c330, 0x00000211d478b610,
0x00000211d478bca0, 0x00000211d42c2fc0, 0x00000211d42c1580, 0x00000211d42c3650,
0x00000211d42c3ce0, 0x00000211d42c4370, 0x00000211d42c0ef0, 0x00000211d42c4a00,
0x00000211d42c5090, 0x00000211d42c1c10, 0x00000211d42c2930, 0x00000211d42c5720,
0x00000211d42c22a0, 0x00000211d42c7160, 0x00000211d42c77f0, 0x00000211d42c7e80,
0x00000211d5c308d0, 0x00000211d5c30f60, 0x00000211d5c315f0, 0x00000211d5c31c80,
0x00000211d5c2ee90, 0x00000211d5c32310, 0x00000211d5c329a0, 0x00000211d5c33030,
0x00000211d5c336c0, 0x00000211d5c30240, 0x00000211d5c33d50, 0x00000211d5c343e0,
0x00000211d5c34a70, 0x00000211d5c35100, 0x00000211d5c364b0, 0x00000211d5c35790,
0x00000211d5c35e20, 0x00000211d9019b50, 0x00000211d9018e30, 0x00000211d9018110,
0x00000211d901a1e0, 0x00000211d90194c0, 0x00000211d9016d60, 0x00000211d90187a0,
0x00000211d9017a80, 0x00000211d901a870, 0x00000211d90173f0, 0x00000211d901bc20,
0x00000211d901af00, 0x00000211d901c940, 0x00000211d901d660, 0x00000211d901dcf0,
0x00000211d901e380, 0x00000211d901c2b0, 0x00000211d94e23a0, 0x00000211d94e3750,
0x00000211d94e2a30, 0x00000211d94e1680, 0x00000211d94e3de0, 0x00000211d94e30c0,
0x00000211d94e0960, 0x00000211d94e1d10, 0x00000211d94e0ff0, 0x00000211d94e5820,
0x00000211d94e6bd0
}

Java Threads: ( => current thread )
  0x00000211b52f1380 JavaThread "main"                              [_thread_blocked, id=65096, stack(0x000000e3a1e00000,0x000000e3a1f00000) (1024K)]
  0x00000211cd5c8430 JavaThread "Common-Cleaner"             daemon [_thread_blocked, id=68320, stack(0x000000e3a2600000,0x000000e3a2700000) (1024K)]
  0x00000211cd5c90f0 JavaThread "Reference Handler"          daemon [_thread_blocked, id=61596, stack(0x000000e3a2700000,0x000000e3a2800000) (1024K)]
  0x00000211cd5c9b50 JavaThread "Finalizer"                  daemon [_thread_blocked, id=69328, stack(0x000000e3a2800000,0x000000e3a2900000) (1024K)]
  0x00000211cd5caa90 JavaThread "Signal Dispatcher"          daemon [_thread_blocked, id=69320, stack(0x000000e3a2900000,0x000000e3a2a00000) (1024K)]
  0x00000211cd5cb4f0 JavaThread "Attach Listener"            daemon [_thread_blocked, id=69324, stack(0x000000e3a2a00000,0x000000e3a2b00000) (1024K)]
  0x00000211cd5f6f50 JavaThread "Service Thread"             daemon [_thread_blocked, id=67240, stack(0x000000e3a2b00000,0x000000e3a2c00000) (1024K)]
  0x00000211cd5f79b0 JavaThread "Monitor Deflation Thread"   daemon [_thread_blocked, id=17932, stack(0x000000e3a2c00000,0x000000e3a2d00000) (1024K)]
  0x00000211cd5f8740 JavaThread "C2 CompilerThread0"         daemon [_thread_blocked, id=68360, stack(0x000000e3a2d00000,0x000000e3a2e00000) (1024K)]
  0x00000211cd5e9890 JavaThread "C1 CompilerThread0"         daemon [_thread_blocked, id=69536, stack(0x000000e3a2e00000,0x000000e3a2f00000) (1024K)]
  0x00000211cd7ccd10 JavaThread "C1 CompilerThread1"         daemon [_thread_blocked, id=69576, stack(0x000000e3a2f00000,0x000000e3a3000000) (1024K)]
  0x00000211cd7cd3c0 JavaThread "C1 CompilerThread2"         daemon [_thread_blocked, id=54336, stack(0x000000e3a3000000,0x000000e3a3100000) (1024K)]
  0x00000211d20b3a00 JavaThread "Notification Thread"        daemon [_thread_blocked, id=67828, stack(0x000000e3a3100000,0x000000e3a3200000) (1024K)]
  0x00000211d20e57c0 JavaThread "C2 CompilerThread1"         daemon [_thread_blocked, id=67032, stack(0x000000e3a3200000,0x000000e3a3300000) (1024K)]
  0x00000211d240f970 JavaThread "C2 CompilerThread2"         daemon [_thread_blocked, id=42716, stack(0x000000e3a3300000,0x000000e3a3400000) (1024K)]
  0x00000211d30a8c70 JavaThread "C1 CompilerThread3"         daemon [_thread_blocked, id=66256, stack(0x000000e3a3900000,0x000000e3a3a00000) (1024K)]
  0x00000211d339a910 JavaThread "Daemon health stats"               [_thread_blocked, id=68500, stack(0x000000e3a3e00000,0x000000e3a3f00000) (1024K)]
  0x00000211d3c23590 JavaThread "Incoming local TCP Connector on port 61904"        [_thread_in_native, id=47548, stack(0x000000e3a3f00000,0x000000e3a4000000) (1024K)]
  0x00000211d3dc67c0 JavaThread "Daemon periodic checks"            [_thread_blocked, id=61664, stack(0x000000e3a4000000,0x000000e3a4100000) (1024K)]
  0x00000211d3d261c0 JavaThread "Daemon"                            [_thread_blocked, id=11444, stack(0x000000e3a4100000,0x000000e3a4200000) (1024K)]
  0x00000211d3f51e10 JavaThread "Handler for socket connection from /127.0.0.1:61904 to /127.0.0.1:61905"        [_thread_in_native, id=69528, stack(0x000000e3a4200000,0x000000e3a4300000) (1024K)]
  0x00000211d3ee5290 JavaThread "Cancel handler"                    [_thread_blocked, id=62528, stack(0x000000e3a4300000,0x000000e3a4400000) (1024K)]
  0x00000211d3d625f0 JavaThread "Daemon worker"                     [_thread_blocked, id=67448, stack(0x000000e3a4400000,0x000000e3a4500000) (1024K)]
  0x00000211d3d61f60 JavaThread "Asynchronous log dispatcher for DefaultDaemonConnection: socket connection from /127.0.0.1:61904 to /127.0.0.1:61905"        [_thread_blocked, id=68476, stack(0x000000e3a4500000,0x000000e3a4600000) (1024K)]
  0x00000211d3d64030 JavaThread "Stdin handler"                     [_thread_blocked, id=67640, stack(0x000000e3a4600000,0x000000e3a4700000) (1024K)]
  0x00000211d3d62c80 JavaThread "Daemon client event forwarder"        [_thread_blocked, id=68468, stack(0x000000e3a4700000,0x000000e3a4800000) (1024K)]
  0x00000211d3d64d50 JavaThread "Cache worker for journal cache (C:\Users\LENOVO\.gradle\caches\journal-1)"        [_thread_blocked, id=66776, stack(0x000000e3a4e00000,0x000000e3a4f00000) (1024K)]
  0x00000211d3d618d0 JavaThread "File lock request listener"        [_thread_in_native, id=68632, stack(0x000000e3a4f00000,0x000000e3a5000000) (1024K)]
  0x00000211d3d646c0 JavaThread "Cache worker for file hash cache (C:\Users\LENOVO\.gradle\caches\8.13\fileHashes)"        [_thread_blocked, id=67312, stack(0x000000e3a5000000,0x000000e3a5100000) (1024K)]
  0x00000211d3d639a0 JavaThread "Cache worker for file hash cache (D:\BELAJAR ANDROID\LecturoApp\.gradle\8.13\fileHashes)"        [_thread_blocked, id=64900, stack(0x000000e3a5100000,0x000000e3a5200000) (1024K)]
  0x00000211d4787470 JavaThread "Cache worker for Build Output Cleanup Cache (D:\BELAJAR ANDROID\LecturoApp\.gradle\buildOutputCleanup)"        [_thread_blocked, id=68640, stack(0x000000e3a5200000,0x000000e3a5300000) (1024K)]
  0x00000211d47860c0 JavaThread "File watcher server"        daemon [_thread_in_native, id=68644, stack(0x000000e3a5300000,0x000000e3a5400000) (1024K)]
  0x00000211d4786750 JavaThread "File watcher consumer"      daemon [_thread_blocked, id=68556, stack(0x000000e3a5400000,0x000000e3a5500000) (1024K)]
  0x00000211d4785a30 JavaThread "jar transforms"                    [_thread_blocked, id=62132, stack(0x000000e3a5500000,0x000000e3a5600000) (1024K)]
  0x00000211d4784d10 JavaThread "jar transforms Thread 2"           [_thread_blocked, id=68856, stack(0x000000e3a5600000,0x000000e3a5700000) (1024K)]
  0x00000211d4786de0 JavaThread "Cache worker for checksums cache (D:\BELAJAR ANDROID\LecturoApp\.gradle\8.13\checksums)"        [_thread_blocked, id=69012, stack(0x000000e3a5700000,0x000000e3a5800000) (1024K)]
  0x00000211d47853a0 JavaThread "Cache worker for file content cache (C:\Users\LENOVO\.gradle\caches\8.13\fileContent)"        [_thread_blocked, id=69584, stack(0x000000e3a5800000,0x000000e3a5900000) (1024K)]
  0x00000211d4789540 JavaThread "jar transforms Thread 3"           [_thread_blocked, id=69020, stack(0x000000e3a5900000,0x000000e3a5a00000) (1024K)]
  0x00000211d478a260 JavaThread "Cache worker for cache directory md-supplier (C:\Users\LENOVO\.gradle\caches\8.13\md-supplier)"        [_thread_blocked, id=67224, stack(0x000000e3a5a00000,0x000000e3a5b00000) (1024K)]
  0x00000211d4789bd0 JavaThread "Cache worker for cache directory md-rule (C:\Users\LENOVO\.gradle\caches\8.13\md-rule)"        [_thread_blocked, id=64048, stack(0x000000e3a5b00000,0x000000e3a5c00000) (1024K)]
  0x00000211d478a8f0 JavaThread "Unconstrained build operations"        [_thread_blocked, id=66740, stack(0x000000e3a5c00000,0x000000e3a5d00000) (1024K)]
  0x00000211d478af80 JavaThread "Unconstrained build operations Thread 2"        [_thread_blocked, id=68684, stack(0x000000e3a5d00000,0x000000e3a5e00000) (1024K)]
  0x00000211d478c330 JavaThread "Unconstrained build operations Thread 3"        [_thread_blocked, id=68796, stack(0x000000e3a5e00000,0x000000e3a5f00000) (1024K)]
  0x00000211d478b610 JavaThread "Unconstrained build operations Thread 4"        [_thread_blocked, id=63516, stack(0x000000e3a5f00000,0x000000e3a6000000) (1024K)]
  0x00000211d478bca0 JavaThread "Unconstrained build operations Thread 5"        [_thread_blocked, id=64232, stack(0x000000e3a6000000,0x000000e3a6100000) (1024K)]
  0x00000211d42c2fc0 JavaThread "Unconstrained build operations Thread 6"        [_thread_blocked, id=64964, stack(0x000000e3a6100000,0x000000e3a6200000) (1024K)]
  0x00000211d42c1580 JavaThread "Unconstrained build operations Thread 7"        [_thread_blocked, id=68680, stack(0x000000e3a6200000,0x000000e3a6300000) (1024K)]
  0x00000211d42c3650 JavaThread "Unconstrained build operations Thread 8"        [_thread_blocked, id=68780, stack(0x000000e3a6300000,0x000000e3a6400000) (1024K)]
  0x00000211d42c3ce0 JavaThread "Unconstrained build operations Thread 9"        [_thread_blocked, id=47952, stack(0x000000e3a6400000,0x000000e3a6500000) (1024K)]
  0x00000211d42c4370 JavaThread "Unconstrained build operations Thread 10"        [_thread_blocked, id=60044, stack(0x000000e3a6500000,0x000000e3a6600000) (1024K)]
  0x00000211d42c0ef0 JavaThread "jar transforms Thread 4"           [_thread_blocked, id=68940, stack(0x000000e3a6600000,0x000000e3a6700000) (1024K)]
  0x00000211d42c4a00 JavaThread "jar transforms Thread 5"           [_thread_blocked, id=69032, stack(0x000000e3a6700000,0x000000e3a6800000) (1024K)]
  0x00000211d42c5090 JavaThread "Unconstrained build operations Thread 11"        [_thread_blocked, id=69072, stack(0x000000e3a6800000,0x000000e3a6900000) (1024K)]
  0x00000211d42c1c10 JavaThread "Unconstrained build operations Thread 12"        [_thread_blocked, id=67596, stack(0x000000e3a6900000,0x000000e3a6a00000) (1024K)]
  0x00000211d42c2930 JavaThread "Unconstrained build operations Thread 13"        [_thread_blocked, id=66392, stack(0x000000e3a6a00000,0x000000e3a6b00000) (1024K)]
  0x00000211d42c5720 JavaThread "Unconstrained build operations Thread 14"        [_thread_blocked, id=64856, stack(0x000000e3a6b00000,0x000000e3a6c00000) (1024K)]
  0x00000211d42c22a0 JavaThread "Unconstrained build operations Thread 15"        [_thread_blocked, id=69084, stack(0x000000e3a6c00000,0x000000e3a6d00000) (1024K)]
  0x00000211d42c7160 JavaThread "jar transforms Thread 6"           [_thread_blocked, id=69080, stack(0x000000e3a6d00000,0x000000e3a6e00000) (1024K)]
  0x00000211d42c77f0 JavaThread "jar transforms Thread 7"           [_thread_blocked, id=69088, stack(0x000000e3a6e00000,0x000000e3a6f00000) (1024K)]
  0x00000211d42c7e80 JavaThread "jar transforms Thread 8"           [_thread_blocked, id=68308, stack(0x000000e3a6f00000,0x000000e3a7000000) (1024K)]
  0x00000211d5c308d0 JavaThread "Unconstrained build operations Thread 16"        [_thread_blocked, id=69092, stack(0x000000e3a7000000,0x000000e3a7100000) (1024K)]
  0x00000211d5c30f60 JavaThread "Unconstrained build operations Thread 17"        [_thread_blocked, id=67776, stack(0x000000e3a7100000,0x000000e3a7200000) (1024K)]
  0x00000211d5c315f0 JavaThread "Unconstrained build operations Thread 18"        [_thread_blocked, id=68480, stack(0x000000e3a7200000,0x000000e3a7300000) (1024K)]
  0x00000211d5c31c80 JavaThread "Unconstrained build operations Thread 19"        [_thread_blocked, id=69096, stack(0x000000e3a7300000,0x000000e3a7400000) (1024K)]
  0x00000211d5c2ee90 JavaThread "Unconstrained build operations Thread 20"        [_thread_blocked, id=68348, stack(0x000000e3a7400000,0x000000e3a7500000) (1024K)]
  0x00000211d5c32310 JavaThread "Unconstrained build operations Thread 21"        [_thread_blocked, id=61556, stack(0x000000e3a7500000,0x000000e3a7600000) (1024K)]
  0x00000211d5c329a0 JavaThread "Unconstrained build operations Thread 22"        [_thread_blocked, id=69100, stack(0x000000e3a7600000,0x000000e3a7700000) (1024K)]
  0x00000211d5c33030 JavaThread "Unconstrained build operations Thread 23"        [_thread_blocked, id=68244, stack(0x000000e3a7700000,0x000000e3a7800000) (1024K)]
  0x00000211d5c336c0 JavaThread "Unconstrained build operations Thread 24"        [_thread_blocked, id=69104, stack(0x000000e3a7800000,0x000000e3a7900000) (1024K)]
  0x00000211d5c30240 JavaThread "Unconstrained build operations Thread 25"        [_thread_blocked, id=67540, stack(0x000000e3a7900000,0x000000e3a7a00000) (1024K)]
  0x00000211d5c33d50 JavaThread "Unconstrained build operations Thread 26"        [_thread_blocked, id=66408, stack(0x000000e3a7a00000,0x000000e3a7b00000) (1024K)]
  0x00000211d5c343e0 JavaThread "Unconstrained build operations Thread 27"        [_thread_blocked, id=68576, stack(0x000000e3a7b00000,0x000000e3a7c00000) (1024K)]
  0x00000211d5c34a70 JavaThread "Unconstrained build operations Thread 28"        [_thread_blocked, id=61036, stack(0x000000e3a7c00000,0x000000e3a7d00000) (1024K)]
  0x00000211d5c35100 JavaThread "Unconstrained build operations Thread 29"        [_thread_blocked, id=69384, stack(0x000000e3a7d00000,0x000000e3a7e00000) (1024K)]
  0x00000211d5c364b0 JavaThread "Unconstrained build operations Thread 30"        [_thread_blocked, id=61108, stack(0x000000e3a7e00000,0x000000e3a7f00000) (1024K)]
  0x00000211d5c35790 JavaThread "Unconstrained build operations Thread 31"        [_thread_blocked, id=31900, stack(0x000000e3a7f00000,0x000000e3a8000000) (1024K)]
  0x00000211d5c35e20 JavaThread "Unconstrained build operations Thread 32"        [_thread_blocked, id=42888, stack(0x000000e3a8000000,0x000000e3a8100000) (1024K)]
  0x00000211d9019b50 JavaThread "Unconstrained build operations Thread 33"        [_thread_blocked, id=24024, stack(0x000000e3a8100000,0x000000e3a8200000) (1024K)]
  0x00000211d9018e30 JavaThread "Unconstrained build operations Thread 34"        [_thread_blocked, id=63844, stack(0x000000e3a8200000,0x000000e3a8300000) (1024K)]
  0x00000211d9018110 JavaThread "Unconstrained build operations Thread 35"        [_thread_blocked, id=55884, stack(0x000000e3a8300000,0x000000e3a8400000) (1024K)]
  0x00000211d901a1e0 JavaThread "Unconstrained build operations Thread 36"        [_thread_blocked, id=66288, stack(0x000000e3a8400000,0x000000e3a8500000) (1024K)]
  0x00000211d90194c0 JavaThread "Unconstrained build operations Thread 37"        [_thread_blocked, id=65356, stack(0x000000e3a8500000,0x000000e3a8600000) (1024K)]
  0x00000211d9016d60 JavaThread "Unconstrained build operations Thread 38"        [_thread_blocked, id=59736, stack(0x000000e3a8600000,0x000000e3a8700000) (1024K)]
  0x00000211d90187a0 JavaThread "Unconstrained build operations Thread 39"        [_thread_blocked, id=6152, stack(0x000000e3a8700000,0x000000e3a8800000) (1024K)]
  0x00000211d9017a80 JavaThread "Unconstrained build operations Thread 40"        [_thread_blocked, id=60344, stack(0x000000e3a8800000,0x000000e3a8900000) (1024K)]
  0x00000211d901a870 JavaThread "Unconstrained build operations Thread 41"        [_thread_blocked, id=8592, stack(0x000000e3a8900000,0x000000e3a8a00000) (1024K)]
  0x00000211d90173f0 JavaThread "Unconstrained build operations Thread 42"        [_thread_blocked, id=69120, stack(0x000000e3a8a00000,0x000000e3a8b00000) (1024K)]
  0x00000211d901bc20 JavaThread "Unconstrained build operations Thread 43"        [_thread_blocked, id=67740, stack(0x000000e3a8b00000,0x000000e3a8c00000) (1024K)]
  0x00000211d901af00 JavaThread "Unconstrained build operations Thread 44"        [_thread_blocked, id=65780, stack(0x000000e3a8c00000,0x000000e3a8d00000) (1024K)]
  0x00000211d901c940 JavaThread "Unconstrained build operations Thread 45"        [_thread_blocked, id=65876, stack(0x000000e3a8d00000,0x000000e3a8e00000) (1024K)]
  0x00000211d901d660 JavaThread "Unconstrained build operations Thread 46"        [_thread_blocked, id=67716, stack(0x000000e3a8e00000,0x000000e3a8f00000) (1024K)]
  0x00000211d901dcf0 JavaThread "Unconstrained build operations Thread 47"        [_thread_blocked, id=52256, stack(0x000000e3a8f00000,0x000000e3a9000000) (1024K)]
  0x00000211d901e380 JavaThread "Unconstrained build operations Thread 48"        [_thread_blocked, id=66504, stack(0x000000e3a9000000,0x000000e3a9100000) (1024K)]
  0x00000211d901c2b0 JavaThread "Unconstrained build operations Thread 49"        [_thread_blocked, id=66264, stack(0x000000e3a9100000,0x000000e3a9200000) (1024K)]
  0x00000211d94e23a0 JavaThread "Unconstrained build operations Thread 50"        [_thread_blocked, id=62884, stack(0x000000e3a9200000,0x000000e3a9300000) (1024K)]
  0x00000211d94e3750 JavaThread "Unconstrained build operations Thread 51"        [_thread_blocked, id=58092, stack(0x000000e3a9300000,0x000000e3a9400000) (1024K)]
  0x00000211d94e2a30 JavaThread "Unconstrained build operations Thread 52"        [_thread_blocked, id=64060, stack(0x000000e3a9400000,0x000000e3a9500000) (1024K)]
  0x00000211d94e1680 JavaThread "Unconstrained build operations Thread 53"        [_thread_blocked, id=61648, stack(0x000000e3a9500000,0x000000e3a9600000) (1024K)]
  0x00000211d94e3de0 JavaThread "Unconstrained build operations Thread 54"        [_thread_blocked, id=29140, stack(0x000000e3a9600000,0x000000e3a9700000) (1024K)]
  0x00000211d94e30c0 JavaThread "Unconstrained build operations Thread 55"        [_thread_blocked, id=63860, stack(0x000000e3a9700000,0x000000e3a9800000) (1024K)]
  0x00000211d94e0960 JavaThread "Unconstrained build operations Thread 56"        [_thread_blocked, id=68248, stack(0x000000e3a9800000,0x000000e3a9900000) (1024K)]
  0x00000211d94e1d10 JavaThread "Unconstrained build operations Thread 57"        [_thread_blocked, id=62552, stack(0x000000e3a9900000,0x000000e3a9a00000) (1024K)]
  0x00000211d94e0ff0 JavaThread "Unconstrained build operations Thread 58"        [_thread_blocked, id=66200, stack(0x000000e3a9a00000,0x000000e3a9b00000) (1024K)]
  0x00000211d94e5820 JavaThread "Unconstrained build operations Thread 59"        [_thread_blocked, id=51344, stack(0x000000e3a9b00000,0x000000e3a9c00000) (1024K)]
  0x00000211d94e6bd0 JavaThread "Unconstrained build operations Thread 60"        [_thread_blocked, id=67724, stack(0x000000e3a9c00000,0x000000e3a9d00000) (1024K)]
Total: 105

Other Threads:
=>0x00000211cd52af80 VMThread "VM Thread"                           [id=4344, stack(0x000000e3a2500000,0x000000e3a2600000) (1024K)]
  0x00000211cd423a90 WatcherThread "VM Periodic Task Thread"        [id=66020, stack(0x000000e3a2400000,0x000000e3a2500000) (1024K)]
  0x00000211b2f6e030 WorkerThread "GC Thread#0"                     [id=67440, stack(0x000000e3a1f00000,0x000000e3a2000000) (1024K)]
  0x00000211d240f400 WorkerThread "GC Thread#1"                     [id=65072, stack(0x000000e3a3500000,0x000000e3a3600000) (1024K)]
  0x00000211d23a0720 WorkerThread "GC Thread#2"                     [id=65460, stack(0x000000e3a3600000,0x000000e3a3700000) (1024K)]
  0x00000211d23a0ac0 WorkerThread "GC Thread#3"                     [id=61304, stack(0x000000e3a3700000,0x000000e3a3800000) (1024K)]
  0x00000211d23a0e60 WorkerThread "GC Thread#4"                     [id=66144, stack(0x000000e3a3800000,0x000000e3a3900000) (1024K)]
  0x00000211d3c6c9e0 WorkerThread "GC Thread#5"                     [id=33504, stack(0x000000e3a3a00000,0x000000e3a3b00000) (1024K)]
  0x00000211d336fd20 WorkerThread "GC Thread#6"                     [id=58712, stack(0x000000e3a3b00000,0x000000e3a3c00000) (1024K)]
  0x00000211d33700c0 WorkerThread "GC Thread#7"                     [id=64552, stack(0x000000e3a3c00000,0x000000e3a3d00000) (1024K)]
  0x00000211d3c37920 WorkerThread "GC Thread#8"                     [id=67496, stack(0x000000e3a3d00000,0x000000e3a3e00000) (1024K)]
  0x00000211d3c387a0 WorkerThread "GC Thread#9"                     [id=46148, stack(0x000000e3a4800000,0x000000e3a4900000) (1024K)]
  0x00000211d3c38060 WorkerThread "GC Thread#10"                    [id=68316, stack(0x000000e3a4900000,0x000000e3a4a00000) (1024K)]
  0x00000211d3c37580 WorkerThread "GC Thread#11"                    [id=61756, stack(0x000000e3a4a00000,0x000000e3a4b00000) (1024K)]
  0x00000211d3c38400 WorkerThread "GC Thread#12"                    [id=64684, stack(0x000000e3a4b00000,0x000000e3a4c00000) (1024K)]
  0x00000211b53576c0 ConcurrentGCThread "G1 Main Marker"            [id=57136, stack(0x000000e3a2000000,0x000000e3a2100000) (1024K)]
  0x00000211b5359dc0 WorkerThread "G1 Conc#0"                       [id=64828, stack(0x000000e3a2100000,0x000000e3a2200000) (1024K)]
  0x00000211d3c36e40 WorkerThread "G1 Conc#1"                       [id=66152, stack(0x000000e3a4c00000,0x000000e3a4d00000) (1024K)]
  0x00000211d3c371e0 WorkerThread "G1 Conc#2"                       [id=67624, stack(0x000000e3a4d00000,0x000000e3a4e00000) (1024K)]
  0x00000211cd37c1a0 ConcurrentGCThread "G1 Refine#0"               [id=66700, stack(0x000000e3a2200000,0x000000e3a2300000) (1024K)]
  0x00000211cd37c9c0 ConcurrentGCThread "G1 Service"                [id=67700, stack(0x000000e3a2300000,0x000000e3a2400000) (1024K)]
Total: 21

Threads with active compile tasks:
C1 CompilerThread2  3749 9861       3       kotlin.collections.CollectionsKt__CollectionsJVMKt::copyToArrayOfAny (41 bytes)
C2 CompilerThread2  3749 9794       4       java.util.TimSort::sort (229 bytes)
Total: 2

VM state: at safepoint (normal execution)

VM Mutex/Monitor currently owned by a thread:  ([mutex/lock_event])
[0x00007fff6e7785b8] Threads_lock - owner thread: 0x00000211cd52af80
[0x00007fff6e7786b8] Heap_lock - owner thread: 0x00000211d3d625f0

Heap address: 0x0000000080000000, size: 2048 MB, Compressed Oops mode: 32-bit

CDS archive(s) not mapped
Compressed class space mapped at: 0x0000000100000000-0x0000000140000000, reserved size: 1073741824
Narrow klass base: 0x0000000000000000, Narrow klass shift: 3, Narrow klass range: 0x140000000

GC Precious Log:
 CardTable entry size: 512
 Card Set container configuration: InlinePtr #cards 5 size 8 Array Of Cards #cards 12 size 40 Howl #buckets 4 coarsen threshold 1843 Howl Bitmap #cards 512 size 80 coarsen threshold 460 Card regions per heap region 1 cards per card region 2048
 CPUs: 16 total, 16 available
 Memory: 15553M
 Large Page Support: Disabled
 NUMA Support: Disabled
 Compressed Oops: Enabled (32-bit)
 Heap Region Size: 1M
 Heap Min Capacity: 8M
 Heap Initial Capacity: 244M
 Heap Max Capacity: 2G
 Pre-touch: Disabled
 Parallel Workers: 13
 Concurrent Workers: 3
 Concurrent Refinement Workers: 13
 Periodic GC: Disabled

Heap:
 garbage-first heap   total 118784K, used 60662K [0x0000000080000000, 0x0000000100000000)
  region size 1024K, 4 young (4096K), 4 survivors (4096K)
 Metaspace       used 87510K, committed 89280K, reserved 1179648K
  class space    used 12543K, committed 13440K, reserved 1048576K

Heap Regions: E=young(eden), S=young(survivor), O=old, HS=humongous(starts), HC=humongous(continues), CS=collection set, F=free, TAMS=top-at-mark-start, PB=parsable bottom
|   0|0x0000000080000000, 0x0000000080100000, 0x0000000080100000|100%|HS|  |TAMS 0x0000000080000000| PB 0x0000000080000000| Complete 
|   1|0x0000000080100000, 0x0000000080200000, 0x0000000080200000|100%|HC|  |TAMS 0x0000000080100000| PB 0x0000000080100000| Complete 
|   2|0x0000000080200000, 0x0000000080300000, 0x0000000080300000|100%|HC|  |TAMS 0x0000000080200000| PB 0x0000000080200000| Complete 
|   3|0x0000000080300000, 0x0000000080400000, 0x0000000080400000|100%| O|  |TAMS 0x0000000080300000| PB 0x0000000080300000| Untracked 
|   4|0x0000000080400000, 0x0000000080500000, 0x0000000080500000|100%| O|  |TAMS 0x0000000080400000| PB 0x0000000080400000| Untracked 
|   5|0x0000000080500000, 0x0000000080600000, 0x0000000080600000|100%| O|  |TAMS 0x0000000080500000| PB 0x0000000080500000| Untracked 
|   6|0x0000000080600000, 0x0000000080700000, 0x0000000080700000|100%|HS|  |TAMS 0x0000000080600000| PB 0x0000000080600000| Complete 
|   7|0x0000000080700000, 0x0000000080800000, 0x0000000080800000|100%| O|  |TAMS 0x0000000080700000| PB 0x0000000080700000| Untracked 
|   8|0x0000000080800000, 0x0000000080900000, 0x0000000080900000|100%| O|  |TAMS 0x0000000080800000| PB 0x0000000080800000| Untracked 
|   9|0x0000000080900000, 0x0000000080a00000, 0x0000000080a00000|100%| O|  |TAMS 0x0000000080900000| PB 0x0000000080900000| Untracked 
|  10|0x0000000080a00000, 0x0000000080b00000, 0x0000000080b00000|100%| O|  |TAMS 0x0000000080a00000| PB 0x0000000080a00000| Untracked 
|  11|0x0000000080b00000, 0x0000000080c00000, 0x0000000080c00000|100%| O|  |TAMS 0x0000000080b00000| PB 0x0000000080b00000| Untracked 
|  12|0x0000000080c00000, 0x0000000080d00000, 0x0000000080d00000|100%| O|  |TAMS 0x0000000080c00000| PB 0x0000000080c00000| Untracked 
|  13|0x0000000080d00000, 0x0000000080e00000, 0x0000000080e00000|100%| O|  |TAMS 0x0000000080d00000| PB 0x0000000080d00000| Untracked 
|  14|0x0000000080e00000, 0x0000000080f00000, 0x0000000080f00000|100%| O|  |TAMS 0x0000000080e00000| PB 0x0000000080e00000| Untracked 
|  15|0x0000000080f00000, 0x0000000081000000, 0x0000000081000000|100%| O|  |TAMS 0x0000000080f00000| PB 0x0000000080f00000| Untracked 
|  16|0x0000000081000000, 0x0000000081100000, 0x0000000081100000|100%| O|  |TAMS 0x0000000081000000| PB 0x0000000081000000| Untracked 
|  17|0x0000000081100000, 0x0000000081200000, 0x0000000081200000|100%| O|  |TAMS 0x0000000081100000| PB 0x0000000081100000| Untracked 
|  18|0x0000000081200000, 0x0000000081300000, 0x0000000081300000|100%| O|  |TAMS 0x0000000081200000| PB 0x0000000081200000| Untracked 
|  19|0x0000000081300000, 0x0000000081400000, 0x0000000081400000|100%| O|  |TAMS 0x0000000081300000| PB 0x0000000081300000| Untracked 
|  20|0x0000000081400000, 0x0000000081500000, 0x0000000081500000|100%| O|  |TAMS 0x0000000081400000| PB 0x0000000081400000| Untracked 
|  21|0x0000000081500000, 0x0000000081600000, 0x0000000081600000|100%| O|  |TAMS 0x0000000081500000| PB 0x0000000081500000| Untracked 
|  22|0x0000000081600000, 0x0000000081700000, 0x0000000081700000|100%| O|  |TAMS 0x0000000081600000| PB 0x0000000081600000| Untracked 
|  23|0x0000000081700000, 0x0000000081800000, 0x0000000081800000|100%| O|  |TAMS 0x0000000081700000| PB 0x0000000081700000| Untracked 
|  24|0x0000000081800000, 0x0000000081900000, 0x0000000081900000|100%| O|  |TAMS 0x0000000081800000| PB 0x0000000081800000| Untracked 
|  25|0x0000000081900000, 0x0000000081a00000, 0x0000000081a00000|100%| O|  |TAMS 0x0000000081900000| PB 0x0000000081900000| Untracked 
|  26|0x0000000081a00000, 0x0000000081b00000, 0x0000000081b00000|100%| O|  |TAMS 0x0000000081a00000| PB 0x0000000081a00000| Untracked 
|  27|0x0000000081b00000, 0x0000000081c00000, 0x0000000081c00000|100%| O|  |TAMS 0x0000000081b00000| PB 0x0000000081b00000| Untracked 
|  28|0x0000000081c00000, 0x0000000081d00000, 0x0000000081d00000|100%| O|  |TAMS 0x0000000081c00000| PB 0x0000000081c00000| Untracked 
|  29|0x0000000081d00000, 0x0000000081e00000, 0x0000000081e00000|100%| O|  |TAMS 0x0000000081d00000| PB 0x0000000081d00000| Untracked 
|  30|0x0000000081e00000, 0x0000000081f00000, 0x0000000081f00000|100%| O|  |TAMS 0x0000000081e00000| PB 0x0000000081e00000| Untracked 
|  31|0x0000000081f00000, 0x0000000082000000, 0x0000000082000000|100%| O|  |TAMS 0x0000000081f00000| PB 0x0000000081f00000| Untracked 
|  32|0x0000000082000000, 0x0000000082100000, 0x0000000082100000|100%| O|  |TAMS 0x0000000082000000| PB 0x0000000082000000| Untracked 
|  33|0x0000000082100000, 0x0000000082200000, 0x0000000082200000|100%| O|  |TAMS 0x0000000082100000| PB 0x0000000082100000| Untracked 
|  34|0x0000000082200000, 0x0000000082300000, 0x0000000082300000|100%| O|Cm|TAMS 0x0000000082200000| PB 0x0000000082200000| Complete 
|  35|0x0000000082300000, 0x0000000082400000, 0x0000000082400000|100%| O|  |TAMS 0x0000000082300000| PB 0x0000000082300000| Untracked 
|  36|0x0000000082400000, 0x0000000082500000, 0x0000000082500000|100%| O|  |TAMS 0x0000000082400000| PB 0x0000000082400000| Untracked 
|  37|0x0000000082500000, 0x0000000082600000, 0x0000000082600000|100%|HS|  |TAMS 0x0000000082500000| PB 0x0000000082500000| Complete 
|  38|0x0000000082600000, 0x0000000082700000, 0x0000000082700000|100%|HC|  |TAMS 0x0000000082600000| PB 0x0000000082600000| Complete 
|  39|0x0000000082700000, 0x0000000082800000, 0x0000000082800000|100%| O|  |TAMS 0x0000000082700000| PB 0x0000000082700000| Untracked 
|  40|0x0000000082800000, 0x0000000082900000, 0x0000000082900000|100%| O|  |TAMS 0x0000000082800000| PB 0x0000000082800000| Untracked 
|  41|0x0000000082900000, 0x0000000082a00000, 0x0000000082a00000|100%| O|  |TAMS 0x0000000082900000| PB 0x0000000082900000| Untracked 
|  42|0x0000000082a00000, 0x0000000082b00000, 0x0000000082b00000|100%| O|  |TAMS 0x0000000082a00000| PB 0x0000000082a00000| Untracked 
|  43|0x0000000082b00000, 0x0000000082c00000, 0x0000000082c00000|100%| O|  |TAMS 0x0000000082b00000| PB 0x0000000082b00000| Untracked 
|  44|0x0000000082c00000, 0x0000000082d00000, 0x0000000082d00000|100%| O|Cm|TAMS 0x0000000082c00000| PB 0x0000000082c00000| Complete 
|  45|0x0000000082d00000, 0x0000000082e00000, 0x0000000082e00000|100%| O|  |TAMS 0x0000000082d00000| PB 0x0000000082d00000| Untracked 
|  46|0x0000000082e00000, 0x0000000082f00000, 0x0000000082f00000|100%| O|  |TAMS 0x0000000082e00000| PB 0x0000000082e00000| Untracked 
|  47|0x0000000082f00000, 0x0000000083000000, 0x0000000083000000|100%| O|  |TAMS 0x0000000082f00000| PB 0x0000000082f00000| Untracked 
|  48|0x0000000083000000, 0x0000000083100000, 0x0000000083100000|100%| O|  |TAMS 0x0000000083000000| PB 0x0000000083000000| Untracked 
|  49|0x0000000083100000, 0x0000000083200000, 0x0000000083200000|100%| O|  |TAMS 0x0000000083100000| PB 0x0000000083100000| Untracked 
|  50|0x0000000083200000, 0x0000000083300000, 0x0000000083300000|100%| O|  |TAMS 0x0000000083200000| PB 0x0000000083200000| Untracked 
|  51|0x0000000083300000, 0x0000000083400000, 0x0000000083400000|100%| O|  |TAMS 0x0000000083300000| PB 0x0000000083300000| Untracked 
|  52|0x0000000083400000, 0x0000000083500000, 0x0000000083500000|100%| O|  |TAMS 0x0000000083400000| PB 0x0000000083400000| Untracked 
|  53|0x0000000083500000, 0x0000000083600000, 0x0000000083600000|100%| O|  |TAMS 0x0000000083500000| PB 0x0000000083500000| Untracked 
|  54|0x0000000083600000, 0x00000000836dd8d0, 0x0000000083700000| 86%| O|  |TAMS 0x0000000083600000| PB 0x0000000083600000| Untracked 
|  55|0x0000000083700000, 0x0000000083700000, 0x0000000083800000|  0%| F|  |TAMS 0x0000000083700000| PB 0x0000000083700000| Untracked 
|  56|0x0000000083800000, 0x0000000083800000, 0x0000000083900000|  0%| F|  |TAMS 0x0000000083800000| PB 0x0000000083800000| Untracked 
|  57|0x0000000083900000, 0x0000000083900000, 0x0000000083a00000|  0%| F|  |TAMS 0x0000000083900000| PB 0x0000000083900000| Untracked 
|  58|0x0000000083a00000, 0x0000000083a00000, 0x0000000083b00000|  0%| F|  |TAMS 0x0000000083a00000| PB 0x0000000083a00000| Untracked 
|  59|0x0000000083b00000, 0x0000000083b00000, 0x0000000083c00000|  0%| F|  |TAMS 0x0000000083b00000| PB 0x0000000083b00000| Untracked 
|  60|0x0000000083c00000, 0x0000000083c00000, 0x0000000083d00000|  0%| F|  |TAMS 0x0000000083c00000| PB 0x0000000083c00000| Untracked 
|  61|0x0000000083d00000, 0x0000000083d00000, 0x0000000083e00000|  0%| F|  |TAMS 0x0000000083d00000| PB 0x0000000083d00000| Untracked 
|  62|0x0000000083e00000, 0x0000000083e00000, 0x0000000083f00000|  0%| F|  |TAMS 0x0000000083e00000| PB 0x0000000083e00000| Untracked 
|  63|0x0000000083f00000, 0x0000000083f60090, 0x0000000084000000| 37%| S|CS|TAMS 0x0000000083f00000| PB 0x0000000083f00000| Complete 
|  64|0x0000000084000000, 0x0000000084100000, 0x0000000084100000|100%| S|CS|TAMS 0x0000000084000000| PB 0x0000000084000000| Complete 
|  65|0x0000000084100000, 0x0000000084200000, 0x0000000084200000|100%| S|CS|TAMS 0x0000000084100000| PB 0x0000000084100000| Complete 
|  66|0x0000000084200000, 0x0000000084300000, 0x0000000084300000|100%| S|CS|TAMS 0x0000000084200000| PB 0x0000000084200000| Complete 
|  67|0x0000000084300000, 0x0000000084300000, 0x0000000084400000|  0%| F|  |TAMS 0x0000000084300000| PB 0x0000000084300000| Untracked 
|  68|0x0000000084400000, 0x0000000084400000, 0x0000000084500000|  0%| F|  |TAMS 0x0000000084400000| PB 0x0000000084400000| Untracked 
|  69|0x0000000084500000, 0x0000000084500000, 0x0000000084600000|  0%| F|  |TAMS 0x0000000084500000| PB 0x0000000084500000| Untracked 
|  70|0x0000000084600000, 0x0000000084600000, 0x0000000084700000|  0%| F|  |TAMS 0x0000000084600000| PB 0x0000000084600000| Untracked 
|  71|0x0000000084700000, 0x0000000084700000, 0x0000000084800000|  0%| F|  |TAMS 0x0000000084700000| PB 0x0000000084700000| Untracked 
|  72|0x0000000084800000, 0x0000000084800000, 0x0000000084900000|  0%| F|  |TAMS 0x0000000084800000| PB 0x0000000084800000| Untracked 
|  73|0x0000000084900000, 0x0000000084900000, 0x0000000084a00000|  0%| F|  |TAMS 0x0000000084900000| PB 0x0000000084900000| Untracked 
|  74|0x0000000084a00000, 0x0000000084a00000, 0x0000000084b00000|  0%| F|  |TAMS 0x0000000084a00000| PB 0x0000000084a00000| Untracked 
|  75|0x0000000084b00000, 0x0000000084b00000, 0x0000000084c00000|  0%| F|  |TAMS 0x0000000084b00000| PB 0x0000000084b00000| Untracked 
|  76|0x0000000084c00000, 0x0000000084c00000, 0x0000000084d00000|  0%| F|  |TAMS 0x0000000084c00000| PB 0x0000000084c00000| Untracked 
|  77|0x0000000084d00000, 0x0000000084d00000, 0x0000000084e00000|  0%| F|  |TAMS 0x0000000084d00000| PB 0x0000000084d00000| Untracked 
|  78|0x0000000084e00000, 0x0000000084e00000, 0x0000000084f00000|  0%| F|  |TAMS 0x0000000084e00000| PB 0x0000000084e00000| Untracked 
|  79|0x0000000084f00000, 0x0000000084f00000, 0x0000000085000000|  0%| F|  |TAMS 0x0000000084f00000| PB 0x0000000084f00000| Untracked 
|  80|0x0000000085000000, 0x0000000085000000, 0x0000000085100000|  0%| F|  |TAMS 0x0000000085000000| PB 0x0000000085000000| Untracked 
|  81|0x0000000085100000, 0x0000000085100000, 0x0000000085200000|  0%| F|  |TAMS 0x0000000085100000| PB 0x0000000085100000| Untracked 
|  82|0x0000000085200000, 0x0000000085200000, 0x0000000085300000|  0%| F|  |TAMS 0x0000000085200000| PB 0x0000000085200000| Untracked 
|  83|0x0000000085300000, 0x0000000085300000, 0x0000000085400000|  0%| F|  |TAMS 0x0000000085300000| PB 0x0000000085300000| Untracked 
|  84|0x0000000085400000, 0x0000000085400000, 0x0000000085500000|  0%| F|  |TAMS 0x0000000085400000| PB 0x0000000085400000| Untracked 
|  85|0x0000000085500000, 0x0000000085500000, 0x0000000085600000|  0%| F|  |TAMS 0x0000000085500000| PB 0x0000000085500000| Untracked 
|  86|0x0000000085600000, 0x0000000085600000, 0x0000000085700000|  0%| F|  |TAMS 0x0000000085600000| PB 0x0000000085600000| Untracked 
|  87|0x0000000085700000, 0x0000000085700000, 0x0000000085800000|  0%| F|  |TAMS 0x0000000085700000| PB 0x0000000085700000| Untracked 
|  88|0x0000000085800000, 0x0000000085800000, 0x0000000085900000|  0%| F|  |TAMS 0x0000000085800000| PB 0x0000000085800000| Untracked 
|  89|0x0000000085900000, 0x0000000085900000, 0x0000000085a00000|  0%| F|  |TAMS 0x0000000085900000| PB 0x0000000085900000| Untracked 
|  90|0x0000000085a00000, 0x0000000085a00000, 0x0000000085b00000|  0%| F|  |TAMS 0x0000000085a00000| PB 0x0000000085a00000| Untracked 
|  91|0x0000000085b00000, 0x0000000085b00000, 0x0000000085c00000|  0%| F|  |TAMS 0x0000000085b00000| PB 0x0000000085b00000| Untracked 
|  92|0x0000000085c00000, 0x0000000085c00000, 0x0000000085d00000|  0%| F|  |TAMS 0x0000000085c00000| PB 0x0000000085c00000| Untracked 
|  93|0x0000000085d00000, 0x0000000085d00000, 0x0000000085e00000|  0%| F|  |TAMS 0x0000000085d00000| PB 0x0000000085d00000| Untracked 
|  94|0x0000000085e00000, 0x0000000085e00000, 0x0000000085f00000|  0%| F|  |TAMS 0x0000000085e00000| PB 0x0000000085e00000| Untracked 
|  95|0x0000000085f00000, 0x0000000085f00000, 0x0000000086000000|  0%| F|  |TAMS 0x0000000085f00000| PB 0x0000000085f00000| Untracked 
|  96|0x0000000086000000, 0x0000000086000000, 0x0000000086100000|  0%| F|  |TAMS 0x0000000086000000| PB 0x0000000086000000| Untracked 
|  97|0x0000000086100000, 0x0000000086100000, 0x0000000086200000|  0%| F|  |TAMS 0x0000000086100000| PB 0x0000000086100000| Untracked 
|  98|0x0000000086200000, 0x0000000086200000, 0x0000000086300000|  0%| F|  |TAMS 0x0000000086200000| PB 0x0000000086200000| Untracked 
|  99|0x0000000086300000, 0x0000000086300000, 0x0000000086400000|  0%| F|  |TAMS 0x0000000086300000| PB 0x0000000086300000| Untracked 
| 100|0x0000000086400000, 0x0000000086400000, 0x0000000086500000|  0%| F|  |TAMS 0x0000000086400000| PB 0x0000000086400000| Untracked 
| 101|0x0000000086500000, 0x0000000086500000, 0x0000000086600000|  0%| F|  |TAMS 0x0000000086500000| PB 0x0000000086500000| Untracked 
| 102|0x0000000086600000, 0x0000000086600000, 0x0000000086700000|  0%| F|  |TAMS 0x0000000086600000| PB 0x0000000086600000| Untracked 
| 103|0x0000000086700000, 0x0000000086700000, 0x0000000086800000|  0%| F|  |TAMS 0x0000000086700000| PB 0x0000000086700000| Untracked 
| 104|0x0000000086800000, 0x0000000086800000, 0x0000000086900000|  0%| F|  |TAMS 0x0000000086800000| PB 0x0000000086800000| Untracked 
| 214|0x000000008d600000, 0x000000008d600000, 0x000000008d700000|  0%| F|  |TAMS 0x000000008d600000| PB 0x000000008d600000| Untracked 
| 215|0x000000008d700000, 0x000000008d700000, 0x000000008d800000|  0%| F|  |TAMS 0x000000008d700000| PB 0x000000008d700000| Untracked 
| 216|0x000000008d800000, 0x000000008d800000, 0x000000008d900000|  0%| F|  |TAMS 0x000000008d800000| PB 0x000000008d800000| Untracked 
| 217|0x000000008d900000, 0x000000008d900000, 0x000000008da00000|  0%| F|  |TAMS 0x000000008d900000| PB 0x000000008d900000| Untracked 
| 218|0x000000008da00000, 0x000000008da00000, 0x000000008db00000|  0%| F|  |TAMS 0x000000008da00000| PB 0x000000008da00000| Untracked 
| 219|0x000000008db00000, 0x000000008db00000, 0x000000008dc00000|  0%| F|  |TAMS 0x000000008db00000| PB 0x000000008db00000| Untracked 
| 220|0x000000008dc00000, 0x000000008dc00000, 0x000000008dd00000|  0%| F|  |TAMS 0x000000008dc00000| PB 0x000000008dc00000| Untracked 
| 221|0x000000008dd00000, 0x000000008dd00000, 0x000000008de00000|  0%| F|  |TAMS 0x000000008dd00000| PB 0x000000008dd00000| Untracked 
| 243|0x000000008f300000, 0x000000008f300000, 0x000000008f400000|  0%| F|  |TAMS 0x000000008f300000| PB 0x000000008f300000| Untracked 
|2046|0x00000000ffe00000, 0x00000000fff00000, 0x00000000fff00000|100%| O|  |TAMS 0x00000000ffe00000| PB 0x00000000ffe00000| Untracked 
|2047|0x00000000fff00000, 0x00000000fff00000, 0x0000000100000000|  0%| F|  |TAMS 0x00000000fff00000| PB 0x00000000fff00000| Untracked 

Card table byte_map: [0x00000211c80c0000,0x00000211c84c0000] _byte_map_base: 0x00000211c7cc0000

Marking Bits: (CMBitMap*) 0x00000211b2f6e640
 Bits: [0x00000211c84c0000, 0x00000211ca4c0000)

Polling page: 0x00000211b3180000

Metaspace:

Usage:
  Non-class:     73.21 MB used.
      Class:     12.25 MB used.
       Both:     85.46 MB used.

Virtual space:
  Non-class space:      128.00 MB reserved,      74.06 MB ( 58%) committed,  2 nodes.
      Class space:        1.00 GB reserved,      13.12 MB (  1%) committed,  1 nodes.
             Both:        1.12 GB reserved,      87.19 MB (  8%) committed. 

Chunk freelists:
   Non-Class:  5.19 MB
       Class:  2.92 MB
        Both:  8.11 MB

MaxMetaspaceSize: unlimited
CompressedClassSpaceSize: 1.00 GB
Initial GC threshold: 21.00 MB
Current GC threshold: 134.31 MB
CDS: off
 - commit_granule_bytes: 65536.
 - commit_granule_words: 8192.
 - virtual_space_node_default_size: 8388608.
 - enlarge_chunks_in_place: 1.
 - use_allocation_guard: 0.


Internal statistics:

num_allocs_failed_limit: 9.
num_arena_births: 3356.
num_arena_deaths: 0.
num_vsnodes_births: 3.
num_vsnodes_deaths: 0.
num_space_committed: 1395.
num_space_uncommitted: 0.
num_chunks_returned_to_freelist: 9.
num_chunks_taken_from_freelist: 6876.
num_chunk_merges: 9.
num_chunk_splits: 4603.
num_chunks_enlarged: 2977.
num_inconsistent_stats: 0.

CodeHeap 'non-profiled nmethods': size=119168Kb used=4498Kb max_used=4872Kb free=114669Kb
 bounds [0x00000211bffe0000, 0x00000211c04b0000, 0x00000211c7440000]
CodeHeap 'profiled nmethods': size=119104Kb used=15536Kb max_used=16624Kb free=103567Kb
 bounds [0x00000211b8440000, 0x00000211b9480000, 0x00000211bf890000]
CodeHeap 'non-nmethods': size=7488Kb used=4755Kb max_used=4775Kb free=2732Kb
 bounds [0x00000211bf890000, 0x00000211bfd50000, 0x00000211bffe0000]
CodeCache: size=245760Kb, used=24789Kb, max_used=26271Kb, free=220968Kb
 total_blobs=9420, nmethods=8477, adapters=844, full_count=0
Compilation: enabled, stopped_count=0, restarted_count=0

Compilation events (20 events):
Event: 3.733 Thread 0x00000211cd7ccd10 nmethod 9852 0x00000211b8e62f10 code [0x00000211b8e630c0, 0x00000211b8e63370]
Event: 3.733 Thread 0x00000211d30a8c70 nmethod 9851 0x00000211b8ed6590 code [0x00000211b8ed6760, 0x00000211b8ed6a70]
Event: 3.734 Thread 0x00000211d30a8c70 9853       3       java.io.ByteArrayOutputStream::close (1 bytes)
Event: 3.734 Thread 0x00000211d30a8c70 nmethod 9853 0x00000211b865d490 code [0x00000211b865d620, 0x00000211b865d728]
Event: 3.734 Thread 0x00000211cd5e9890 9854       3       java.util.zip.Inflater::<init> (6 bytes)
Event: 3.734 Thread 0x00000211cd7cd3c0 9855   !   3       jdk.internal.jimage.BasicImageReader::slice (32 bytes)
Event: 3.734 Thread 0x00000211cd5e9890 nmethod 9854 0x00000211b8821110 code [0x00000211b88212c0, 0x00000211b8821400]
Event: 3.734 Thread 0x00000211cd7cd3c0 nmethod 9855 0x00000211b8e0cc90 code [0x00000211b8e0ce60, 0x00000211b8e0d280]
Event: 3.735 Thread 0x00000211cd7cd3c0 9856       3       jdk.internal.jrtfs.JrtPath::getFileSystem (5 bytes)
Event: 3.735 Thread 0x00000211cd7ccd10 9857       3       jdk.internal.jrtfs.JrtFileSystemProvider::toJrtPath (27 bytes)
Event: 3.735 Thread 0x00000211d30a8c70 9858       1       jdk.internal.jimage.ImageReader$Node::isCompleted (5 bytes)
Event: 3.735 Thread 0x00000211cd5e9890 9859       1       jdk.internal.jimage.ImageReader$Directory::isDirectory (2 bytes)
Event: 3.735 Thread 0x00000211cd5e9890 nmethod 9859 0x00000211c0048b90 code [0x00000211c0048d20, 0x00000211c0048de8]
Event: 3.735 Thread 0x00000211d30a8c70 nmethod 9858 0x00000211c0048890 code [0x00000211c0048a20, 0x00000211c0048af0]
Event: 3.735 Thread 0x00000211cd7cd3c0 nmethod 9856 0x00000211b882e390 code [0x00000211b882e520, 0x00000211b882e640]
Event: 3.735 Thread 0x00000211cd7ccd10 nmethod 9857 0x00000211b9162710 code [0x00000211b9162900, 0x00000211b9162e10]
Event: 3.737 Thread 0x00000211cd5f8740 nmethod 9829 0x00000211c0047690 code [0x00000211c0047880, 0x00000211c0048328]
Event: 3.737 Thread 0x00000211d30a8c70 9860       3       kotlin.collections.ArrayAsCollection::toArray (12 bytes)
Event: 3.737 Thread 0x00000211cd7cd3c0 9861       3       kotlin.collections.CollectionsKt__CollectionsJVMKt::copyToArrayOfAny (41 bytes)
Event: 3.737 Thread 0x00000211d30a8c70 nmethod 9860 0x00000211b883ab10 code [0x00000211b883acc0, 0x00000211b883ae08]

GC Heap History (20 events):
Event: 2.136 GC heap after
{Heap after GC invocations=12 (full 0):
 garbage-first heap   total 97280K, used 37283K [0x0000000080000000, 0x0000000100000000)
  region size 1024K, 4 young (4096K), 4 survivors (4096K)
 Metaspace       used 54196K, committed 55616K, reserved 1114112K
  class space    used 7543K, committed 8256K, reserved 1048576K
}
Event: 2.350 GC heap before
{Heap before GC invocations=12 (full 0):
 garbage-first heap   total 97280K, used 87459K [0x0000000080000000, 0x0000000100000000)
  region size 1024K, 50 young (51200K), 4 survivors (4096K)
 Metaspace       used 58006K, committed 59456K, reserved 1114112K
  class space    used 8040K, committed 8704K, reserved 1048576K
}
Event: 2.353 GC heap after
{Heap after GC invocations=13 (full 0):
 garbage-first heap   total 98304K, used 44120K [0x0000000080000000, 0x0000000100000000)
  region size 1024K, 7 young (7168K), 7 survivors (7168K)
 Metaspace       used 58006K, committed 59456K, reserved 1114112K
  class space    used 8040K, committed 8704K, reserved 1048576K
}
Event: 2.409 GC heap before
{Heap before GC invocations=13 (full 0):
 garbage-first heap   total 98304K, used 62552K [0x0000000080000000, 0x0000000100000000)
  region size 1024K, 26 young (26624K), 7 survivors (7168K)
 Metaspace       used 58858K, committed 60288K, reserved 1114112K
  class space    used 8183K, committed 8896K, reserved 1048576K
}
Event: 2.411 GC heap after
{Heap after GC invocations=14 (full 0):
 garbage-first heap   total 98304K, used 45751K [0x0000000080000000, 0x0000000100000000)
  region size 1024K, 2 young (2048K), 2 survivors (2048K)
 Metaspace       used 58858K, committed 60288K, reserved 1114112K
  class space    used 8183K, committed 8896K, reserved 1048576K
}
Event: 2.624 GC heap before
{Heap before GC invocations=15 (full 0):
 garbage-first heap   total 98304K, used 87735K [0x0000000080000000, 0x0000000100000000)
  region size 1024K, 43 young (44032K), 2 survivors (2048K)
 Metaspace       used 64966K, committed 66496K, reserved 1114112K
  class space    used 9077K, committed 9792K, reserved 1048576K
}
Event: 2.626 GC heap after
{Heap after GC invocations=16 (full 0):
 garbage-first heap   total 118784K, used 47915K [0x0000000080000000, 0x0000000100000000)
  region size 1024K, 4 young (4096K), 4 survivors (4096K)
 Metaspace       used 64966K, committed 66496K, reserved 1114112K
  class space    used 9077K, committed 9792K, reserved 1048576K
}
Event: 2.945 GC heap before
{Heap before GC invocations=16 (full 0):
 garbage-first heap   total 118784K, used 104235K [0x0000000080000000, 0x0000000100000000)
  region size 1024K, 59 young (60416K), 4 survivors (4096K)
 Metaspace       used 71298K, committed 72960K, reserved 1114112K
  class space    used 10079K, committed 10880K, reserved 1048576K
}
Event: 2.947 GC heap after
{Heap after GC invocations=17 (full 0):
 garbage-first heap   total 118784K, used 49850K [0x0000000080000000, 0x0000000100000000)
  region size 1024K, 7 young (7168K), 7 survivors (7168K)
 Metaspace       used 71298K, committed 72960K, reserved 1114112K
  class space    used 10079K, committed 10880K, reserved 1048576K
}
Event: 3.154 GC heap before
{Heap before GC invocations=17 (full 0):
 garbage-first heap   total 118784K, used 103098K [0x0000000080000000, 0x0000000100000000)
  region size 1024K, 59 young (60416K), 7 survivors (7168K)
 Metaspace       used 72992K, committed 74624K, reserved 1114112K
  class space    used 10243K, committed 11008K, reserved 1048576K
}
Event: 3.158 GC heap after
{Heap after GC invocations=18 (full 0):
 garbage-first heap   total 118784K, used 53952K [0x0000000080000000, 0x0000000100000000)
  region size 1024K, 8 young (8192K), 8 survivors (8192K)
 Metaspace       used 72992K, committed 74624K, reserved 1114112K
  class space    used 10243K, committed 11008K, reserved 1048576K
}
Event: 3.205 GC heap before
{Heap before GC invocations=18 (full 0):
 garbage-first heap   total 118784K, used 102080K [0x0000000080000000, 0x0000000100000000)
  region size 1024K, 56 young (57344K), 8 survivors (8192K)
 Metaspace       used 73245K, committed 74880K, reserved 1114112K
  class space    used 10243K, committed 11008K, reserved 1048576K
}
Event: 3.208 GC heap after
{Heap after GC invocations=19 (full 0):
 garbage-first heap   total 118784K, used 56085K [0x0000000080000000, 0x0000000100000000)
  region size 1024K, 4 young (4096K), 4 survivors (4096K)
 Metaspace       used 73245K, committed 74880K, reserved 1114112K
  class space    used 10243K, committed 11008K, reserved 1048576K
}
Event: 3.249 GC heap before
{Heap before GC invocations=20 (full 0):
 garbage-first heap   total 118784K, used 104213K [0x0000000080000000, 0x0000000100000000)
  region size 1024K, 52 young (53248K), 4 survivors (4096K)
 Metaspace       used 73267K, committed 74880K, reserved 1114112K
  class space    used 10243K, committed 11008K, reserved 1048576K
}
Event: 3.250 GC heap after
{Heap after GC invocations=21 (full 0):
 garbage-first heap   total 118784K, used 56689K [0x0000000080000000, 0x0000000100000000)
  region size 1024K, 5 young (5120K), 5 survivors (5120K)
 Metaspace       used 73267K, committed 74880K, reserved 1114112K
  class space    used 10243K, committed 11008K, reserved 1048576K
}
Event: 3.305 GC heap before
{Heap before GC invocations=21 (full 0):
 garbage-first heap   total 118784K, used 104817K [0x0000000080000000, 0x0000000100000000)
  region size 1024K, 53 young (54272K), 5 survivors (5120K)
 Metaspace       used 73470K, committed 75136K, reserved 1114112K
  class space    used 10276K, committed 11072K, reserved 1048576K
}
Event: 3.307 GC heap after
{Heap after GC invocations=22 (full 0):
 garbage-first heap   total 118784K, used 57280K [0x0000000080000000, 0x0000000100000000)
  region size 1024K, 6 young (6144K), 6 survivors (6144K)
 Metaspace       used 73470K, committed 75136K, reserved 1114112K
  class space    used 10276K, committed 11072K, reserved 1048576K
}
Event: 3.522 GC heap before
{Heap before GC invocations=22 (full 0):
 garbage-first heap   total 118784K, used 103360K [0x0000000080000000, 0x0000000100000000)
  region size 1024K, 52 young (53248K), 6 survivors (6144K)
 Metaspace       used 80386K, committed 82048K, reserved 1179648K
  class space    used 11628K, committed 12416K, reserved 1048576K
}
Event: 3.524 GC heap after
{Heap after GC invocations=23 (full 0):
 garbage-first heap   total 118784K, used 59615K [0x0000000080000000, 0x0000000100000000)
  region size 1024K, 3 young (3072K), 3 survivors (3072K)
 Metaspace       used 80386K, committed 82048K, reserved 1179648K
  class space    used 11628K, committed 12416K, reserved 1048576K
}
Event: 3.737 GC heap before
{Heap before GC invocations=24 (full 0):
 garbage-first heap   total 118784K, used 105695K [0x0000000080000000, 0x0000000100000000)
  region size 1024K, 49 young (50176K), 3 survivors (3072K)
 Metaspace       used 87510K, committed 89280K, reserved 1179648K
  class space    used 12543K, committed 13440K, reserved 1048576K
}

Dll operation events (3 events):
Event: 0.004 Loaded shared library D:\Program Files\Android\Android Studio\jbr\bin\java.dll
Event: 0.008 Loaded shared library D:\Program Files\Android\Android Studio\jbr\bin\zip.dll
Event: 0.239 Loaded shared library D:\Program Files\Android\Android Studio\jbr\bin\verify.dll

Deoptimization events (20 events):
Event: 3.483 Thread 0x00000211d3d625f0 Uncommon trap: trap_request=0xffffff45 fr.pc=0x00000211c03e23c4 relative=0x0000000000000944
Event: 3.483 Thread 0x00000211d3d625f0 Uncommon trap: reason=unstable_if action=reinterpret pc=0x00000211c03e23c4 method=java.util.regex.Pattern.escape(ZZZ)I @ 912 c2
Event: 3.483 Thread 0x00000211d3d625f0 DEOPT PACKING pc=0x00000211c03e23c4 sp=0x000000e3a44f5370
Event: 3.483 Thread 0x00000211d3d625f0 DEOPT UNPACKING pc=0x00000211bf8e7da2 sp=0x000000e3a44f5308 mode 2
Event: 3.488 Thread 0x00000211d3d625f0 Uncommon trap: trap_request=0xffffff6e fr.pc=0x00000211c0001a80 relative=0x0000000000000160
Event: 3.488 Thread 0x00000211d3d625f0 Uncommon trap: reason=loop_limit_check action=maybe_recompile pc=0x00000211c0001a80 method=java.lang.StringLatin1.lastIndexOf([BII)I @ 19 c2
Event: 3.488 Thread 0x00000211d3d625f0 DEOPT PACKING pc=0x00000211c0001a80 sp=0x000000e3a44f4490
Event: 3.488 Thread 0x00000211d3d625f0 DEOPT UNPACKING pc=0x00000211bf8e7da2 sp=0x000000e3a44f4410 mode 2
Event: 3.625 Thread 0x00000211d3d625f0 Uncommon trap: trap_request=0xffffff45 fr.pc=0x00000211c037d548 relative=0x0000000000000308
Event: 3.625 Thread 0x00000211d3d625f0 Uncommon trap: reason=unstable_if action=reinterpret pc=0x00000211c037d548 method=sun.invoke.util.VerifyAccess.isTypeVisible(Ljava/lang/Class;Ljava/lang/Class;)Z @ 77 c2
Event: 3.625 Thread 0x00000211d3d625f0 DEOPT PACKING pc=0x00000211c037d548 sp=0x000000e3a44f4380
Event: 3.625 Thread 0x00000211d3d625f0 DEOPT UNPACKING pc=0x00000211bf8e7da2 sp=0x000000e3a44f41c0 mode 2
Event: 3.692 Thread 0x00000211d3d625f0 Uncommon trap: trap_request=0xffffff45 fr.pc=0x00000211c0062ac4 relative=0x0000000000000244
Event: 3.692 Thread 0x00000211d3d625f0 Uncommon trap: reason=unstable_if action=reinterpret pc=0x00000211c0062ac4 method=sun.invoke.util.VerifyAccess.isTypeVisible(Ljava/lang/Class;Ljava/lang/Class;)Z @ 77 c2
Event: 3.692 Thread 0x00000211d3d625f0 DEOPT PACKING pc=0x00000211c0062ac4 sp=0x000000e3a44f37a0
Event: 3.692 Thread 0x00000211d3d625f0 DEOPT UNPACKING pc=0x00000211bf8e7da2 sp=0x000000e3a44f3720 mode 2
Event: 3.705 Thread 0x00000211d3d625f0 Uncommon trap: trap_request=0xffffff45 fr.pc=0x00000211c02753d4 relative=0x0000000000000bb4
Event: 3.705 Thread 0x00000211d3d625f0 Uncommon trap: reason=unstable_if action=reinterpret pc=0x00000211c02753d4 method=java.net.URLStreamHandler.setURL(Ljava/net/URL;Ljava/lang/String;Ljava/lang/String;ILjava/lang/String;Ljava/lang/String;Ljava/lang/String;Ljava/lang/String;Ljava/lang/String
Event: 3.705 Thread 0x00000211d3d625f0 DEOPT PACKING pc=0x00000211c02753d4 sp=0x000000e3a44f53f0
Event: 3.705 Thread 0x00000211d3d625f0 DEOPT UNPACKING pc=0x00000211bf8e7da2 sp=0x000000e3a44f5368 mode 2

Classes loaded (20 events):
Event: 3.705 Loading class jdk/internal/jrtfs/JrtFileSystemProvider$JrtFsLoader
Event: 3.705 Loading class jdk/internal/jrtfs/JrtFileSystemProvider$JrtFsLoader done
Event: 3.707 Loading class java/io/IOError
Event: 3.707 Loading class java/io/IOError done
Event: 3.709 Loading class java/nio/channels/FileChannel$MapMode
Event: 3.709 Loading class java/nio/channels/FileChannel$MapMode done
Event: 3.709 Loading class jdk/internal/misc/ExtendedMapMode
Event: 3.709 Loading class jdk/internal/misc/ExtendedMapMode done
Event: 3.710 Loading class sun/nio/ch/FileChannelImpl$DefaultUnmapper
Event: 3.710 Loading class sun/nio/ch/FileChannelImpl$Unmapper
Event: 3.710 Loading class jdk/internal/access/foreign/UnmapperProxy
Event: 3.710 Loading class jdk/internal/access/foreign/UnmapperProxy done
Event: 3.710 Loading class sun/nio/ch/FileChannelImpl$Unmapper done
Event: 3.710 Loading class sun/nio/ch/FileChannelImpl$DefaultUnmapper done
Event: 3.710 Loading class sun/nio/ch/Util$4
Event: 3.710 Loading class sun/nio/ch/Util$4 done
Event: 3.711 Loading class java/io/UTFDataFormatException
Event: 3.711 Loading class java/io/UTFDataFormatException done
Event: 3.718 Loading class java/nio/channels/NonWritableChannelException
Event: 3.718 Loading class java/nio/channels/NonWritableChannelException done

Classes unloaded (0 events):
No events

Classes redefined (0 events):
No events

Internal exceptions (20 events):
Event: 3.321 Thread 0x00000211d3d62c80 Exception <a 'java/lang/NoSuchMethodError'{0x000000008da0fa48}: static Lorg/gradle/internal/build/event/types/DefaultPluginApplicationResult;.<clinit>()V> (0x000000008da0fa48) 
thrown [s\src\hotspot\share\prims\jni.cpp, line 1144]
Event: 3.321 Thread 0x00000211d3d62c80 Exception <a 'java/lang/NoSuchMethodError'{0x000000008da1c868}: static Lorg/gradle/internal/build/event/types/DefaultBinaryPluginIdentifier;.<clinit>()V> (0x000000008da1c868) 
thrown [s\src\hotspot\share\prims\jni.cpp, line 1144]
Event: 3.322 Thread 0x00000211d3d62c80 Exception <a 'java/lang/NoSuchMethodError'{0x000000008da75d80}: static Lorg/gradle/internal/build/event/types/DefaultScriptPluginIdentifier;.<clinit>()V> (0x000000008da75d80) 
thrown [s\src\hotspot\share\prims\jni.cpp, line 1144]
Event: 3.341 Thread 0x00000211d3d625f0 Exception <a 'java/lang/IncompatibleClassChangeError'{0x000000008683f970}: Found class java.lang.Object, but interface was expected> (0x000000008683f970) 
thrown [s\src\hotspot\share\interpreter\linkResolver.cpp, line 851]
Event: 3.486 Thread 0x00000211d3d625f0 Exception <a 'sun/nio/fs/WindowsException'{0x0000000084c773e8}> (0x0000000084c773e8) 
thrown [s\src\hotspot\share\prims\jni.cpp, line 537]
Event: 3.486 Thread 0x00000211d3d625f0 Exception <a 'sun/nio/fs/WindowsException'{0x0000000084c78f98}> (0x0000000084c78f98) 
thrown [s\src\hotspot\share\prims\jni.cpp, line 537]
Event: 3.516 Thread 0x00000211d3d625f0 Exception <a 'sun/nio/fs/WindowsException'{0x00000000846c8910}> (0x00000000846c8910) 
thrown [s\src\hotspot\share\prims\jni.cpp, line 537]
Event: 3.536 Thread 0x00000211d3d625f0 Exception <a 'java/lang/NoSuchMethodError'{0x000000008dd94508}: 'long java.lang.invoke.DirectMethodHandle$Holder.invokeStatic(java.lang.Object)'> (0x000000008dd94508) 
thrown [s\src\hotspot\share\interpreter\linkResolver.cpp, line 784]
Event: 3.537 Thread 0x00000211d3d625f0 Exception <a 'java/lang/NoSuchMethodError'{0x000000008dd98de8}: 'long java.lang.invoke.DirectMethodHandle$Holder.invokeStaticInit(java.lang.Object)'> (0x000000008dd98de8) 
thrown [s\src\hotspot\share\interpreter\linkResolver.cpp, line 784]
Event: 3.558 Thread 0x00000211d3d625f0 Exception <a 'java/lang/NoSuchMethodError'{0x000000008d9db9d8}: 'void java.lang.invoke.DirectMethodHandle$Holder.invokeStaticInit(java.lang.Object)'> (0x000000008d9db9d8) 
thrown [s\src\hotspot\share\interpreter\linkResolver.cpp, line 784]
Event: 3.561 Thread 0x00000211d3d625f0 Exception <a 'java/lang/NoSuchMethodError'{0x000000008d85f1b0}: 'void java.lang.invoke.DelegatingMethodHandle$Holder.reinvoke_L(java.lang.Object, java.lang.Object, java.lang.Object, long, java.lang.Object)'> (0x000000008d85f1b0) 
thrown [s\src\hotspot\share\interpreter\linkResolver.cpp, line 784]
Event: 3.561 Thread 0x00000211d3d625f0 Exception <a 'java/lang/NoSuchMethodError'{0x000000008d8673b0}: 'java.lang.Object java.lang.invoke.DirectMethodHandle$Holder.invokeSpecial(java.lang.Object, java.lang.Object, java.lang.Object, java.lang.Object, long)'> (0x000000008d8673b0) 
thrown [s\src\hotspot\share\interpreter\linkResolver.cpp, line 784]
Event: 3.561 Thread 0x00000211d3d625f0 Exception <a 'java/lang/NoSuchMethodError'{0x000000008d877010}: 'int java.lang.invoke.DelegatingMethodHandle$Holder.reinvoke_L(java.lang.Object, java.lang.Object, java.lang.Object, long, java.lang.Object, java.lang.Object)'> (0x000000008d877010) 
thrown [s\src\hotspot\share\interpreter\linkResolver.cpp, line 784]
Event: 3.561 Thread 0x00000211d3d625f0 Exception <a 'java/lang/NoSuchMethodError'{0x000000008d886580}: 'int java.lang.invoke.DelegatingMethodHandle$Holder.reinvoke_L(java.lang.Object, java.lang.Object, java.lang.Object, long, int, int)'> (0x000000008d886580) 
thrown [s\src\hotspot\share\interpreter\linkResolver.cpp, line 784]
Event: 3.561 Thread 0x00000211d3d625f0 Exception <a 'java/lang/NoSuchMethodError'{0x000000008d895b08}: 'int java.lang.invoke.DelegatingMethodHandle$Holder.reinvoke_L(java.lang.Object, java.lang.Object, java.lang.Object, long, long, long)'> (0x000000008d895b08) 
thrown [s\src\hotspot\share\interpreter\linkResolver.cpp, line 784]
Event: 3.562 Thread 0x00000211d3d625f0 Exception <a 'java/lang/NoSuchMethodError'{0x000000008d8a4ad0}: 'int java.lang.invoke.DelegatingMethodHandle$Holder.reinvoke_L(java.lang.Object, java.lang.Object, java.lang.Object, long, int)'> (0x000000008d8a4ad0) 
thrown [s\src\hotspot\share\interpreter\linkResolver.cpp, line 784]
Event: 3.562 Thread 0x00000211d3d625f0 Exception <a 'java/lang/NoSuchMethodError'{0x000000008d8baf10}: 'void java.lang.invoke.DelegatingMethodHandle$Holder.reinvoke_L(java.lang.Object, java.lang.Object, java.lang.Object, long, java.lang.Object, long, long)'> (0x000000008d8baf10) 
thrown [s\src\hotspot\share\interpreter\linkResolver.cpp, line 784]
Event: 3.702 Thread 0x00000211d3d625f0 Exception <a 'java/lang/NoSuchMethodError'{0x0000000084b2b698}: 'java.lang.Object java.lang.invoke.DirectMethodHandle$Holder.invokeStatic(java.lang.Object, java.lang.Object, java.lang.Object, java.lang.Object, int, java.lang.Object)'> (0x0000000084b2b698) 
thrown [s\src\hotspot\share\interpreter\linkResolver.cpp, line 784]
Event: 3.710 Thread 0x00000211d3d625f0 Exception <a 'java/lang/NoSuchMethodError'{0x0000000084a2a968}: 'long java.lang.invoke.DirectMethodHandle$Holder.invokeStatic(java.lang.Object, java.lang.Object, int)'> (0x0000000084a2a968) 
thrown [s\src\hotspot\share\interpreter\linkResolver.cpp, line 784]
Event: 3.710 Thread 0x00000211d3d625f0 Exception <a 'java/lang/NoSuchMethodError'{0x0000000084a36e30}: 'java.lang.Object java.lang.invoke.DelegatingMethodHandle$Holder.reinvoke_L(java.lang.Object, int, long, java.lang.Object, java.lang.Object, int, java.lang.Object)'> (0x0000000084a36e30) 
thrown [s\src\hotspot\share\interpreter\linkResolver.cpp, line 784]

ZGC Phase Switch (0 events):
No events

VM Operations (20 events):
Event: 3.339 Executing VM operation: HandshakeAllThreads (Deoptimize) done
Event: 3.354 Executing VM operation: HandshakeAllThreads (Deoptimize)
Event: 3.354 Executing VM operation: HandshakeAllThreads (Deoptimize) done
Event: 3.357 Executing VM operation: HandshakeAllThreads (Deoptimize)
Event: 3.357 Executing VM operation: HandshakeAllThreads (Deoptimize) done
Event: 3.522 Executing VM operation: G1CollectForAllocation (G1 Evacuation Pause)
Event: 3.524 Executing VM operation: G1CollectForAllocation (G1 Evacuation Pause) done
Event: 3.537 Executing VM operation: G1PauseRemark
Event: 3.539 Executing VM operation: G1PauseRemark done
Event: 3.543 Executing VM operation: HandshakeAllThreads (Deoptimize)
Event: 3.543 Executing VM operation: HandshakeAllThreads (Deoptimize) done
Event: 3.545 Executing VM operation: G1PauseCleanup
Event: 3.545 Executing VM operation: G1PauseCleanup done
Event: 3.577 Executing VM operation: HandshakeAllThreads (Deoptimize)
Event: 3.577 Executing VM operation: HandshakeAllThreads (Deoptimize) done
Event: 3.577 Executing VM operation: HandshakeAllThreads (Deoptimize)
Event: 3.577 Executing VM operation: HandshakeAllThreads (Deoptimize) done
Event: 3.718 Executing VM operation: HandshakeAllThreads (Deoptimize)
Event: 3.718 Executing VM operation: HandshakeAllThreads (Deoptimize) done
Event: 3.737 Executing VM operation: G1CollectForAllocation (G1 Evacuation Pause)

Memory protections (0 events):
No events

Nmethod flushes (20 events):
Event: 3.539 Thread 0x00000211cd52af80 flushing  nmethod 0x00000211b86d9090
Event: 3.539 Thread 0x00000211cd52af80 flushing  nmethod 0x00000211b86dae10
Event: 3.539 Thread 0x00000211cd52af80 flushing  nmethod 0x00000211b87ad810
Event: 3.539 Thread 0x00000211cd52af80 flushing  nmethod 0x00000211b8820590
Event: 3.539 Thread 0x00000211cd52af80 flushing  nmethod 0x00000211b8821110
Event: 3.539 Thread 0x00000211cd52af80 flushing  nmethod 0x00000211b8828c10
Event: 3.539 Thread 0x00000211cd52af80 flushing  nmethod 0x00000211b889e910
Event: 3.539 Thread 0x00000211cd52af80 flushing  nmethod 0x00000211b88a6a90
Event: 3.539 Thread 0x00000211cd52af80 flushing  nmethod 0x00000211b8cb1410
Event: 3.539 Thread 0x00000211cd52af80 flushing  nmethod 0x00000211b8d28190
Event: 3.539 Thread 0x00000211cd52af80 flushing  nmethod 0x00000211b8d29a90
Event: 3.539 Thread 0x00000211cd52af80 flushing  nmethod 0x00000211b8d6e590
Event: 3.539 Thread 0x00000211cd52af80 flushing  nmethod 0x00000211b8d71610
Event: 3.539 Thread 0x00000211cd52af80 flushing  nmethod 0x00000211b8d72c90
Event: 3.539 Thread 0x00000211cd52af80 flushing  nmethod 0x00000211b8eead90
Event: 3.539 Thread 0x00000211cd52af80 flushing  nmethod 0x00000211b8eebc90
Event: 3.539 Thread 0x00000211cd52af80 flushing  nmethod 0x00000211b8f49810
Event: 3.539 Thread 0x00000211cd52af80 flushing  nmethod 0x00000211b8f4f190
Event: 3.539 Thread 0x00000211cd52af80 flushing  nmethod 0x00000211b9202d90
Event: 3.539 Thread 0x00000211cd52af80 flushing  nmethod 0x00000211b9205a90

Events (20 events):
Event: 3.123 Thread 0x00000211d3d625f0 Thread added: 0x00000211d90173f0
Event: 3.124 Thread 0x00000211d3d625f0 Thread added: 0x00000211d901bc20
Event: 3.124 Thread 0x00000211d3d625f0 Thread added: 0x00000211d901af00
Event: 3.125 Thread 0x00000211d3d625f0 Thread added: 0x00000211d901c940
Event: 3.176 Thread 0x00000211d3d625f0 Thread added: 0x00000211d901d660
Event: 3.176 Thread 0x00000211d3d625f0 Thread added: 0x00000211d901dcf0
Event: 3.176 Thread 0x00000211d3d625f0 Thread added: 0x00000211d901e380
Event: 3.176 Thread 0x00000211d3d625f0 Thread added: 0x00000211d901c2b0
Event: 3.176 Thread 0x00000211d3d625f0 Thread added: 0x00000211d94e23a0
Event: 3.177 Thread 0x00000211d3d625f0 Thread added: 0x00000211d94e3750
Event: 3.177 Thread 0x00000211d3d625f0 Thread added: 0x00000211d94e2a30
Event: 3.177 Thread 0x00000211d3d625f0 Thread added: 0x00000211d94e1680
Event: 3.177 Thread 0x00000211d3d625f0 Thread added: 0x00000211d94e3de0
Event: 3.177 Thread 0x00000211d3d625f0 Thread added: 0x00000211d94e30c0
Event: 3.177 Thread 0x00000211d3d625f0 Thread added: 0x00000211d94e0960
Event: 3.177 Thread 0x00000211d3d625f0 Thread added: 0x00000211d94e1d10
Event: 3.178 Thread 0x00000211d3d625f0 Thread added: 0x00000211d94e0ff0
Event: 3.178 Thread 0x00000211d3d625f0 Thread added: 0x00000211d94e5820
Event: 3.178 Thread 0x00000211d3d625f0 Thread added: 0x00000211d94e6bd0
Event: 3.638 Thread 0x00000211d20cc950 Thread exited: 0x00000211d20cc950


Dynamic libraries:
0x00007ff6311d0000 - 0x00007ff6311da000 	D:\Program Files\Android\Android Studio\jbr\bin\java.exe
0x00007fffec240000 - 0x00007fffec4a8000 	C:\WINDOWS\SYSTEM32\ntdll.dll
0x00007fffeb5a0000 - 0x00007fffeb669000 	C:\WINDOWS\System32\KERNEL32.DLL
0x00007fffe8b20000 - 0x00007fffe8f11000 	C:\WINDOWS\System32\KERNELBASE.dll
0x00007fffe9c70000 - 0x00007fffe9dbb000 	C:\WINDOWS\System32\ucrtbase.dll
0x00007fffdc350000 - 0x00007fffdc36b000 	D:\Program Files\Android\Android Studio\jbr\bin\VCRUNTIME140.dll
0x00007fffd7d70000 - 0x00007fffd7d88000 	D:\Program Files\Android\Android Studio\jbr\bin\jli.dll
0x00007fffe9fe0000 - 0x00007fffea1a6000 	C:\WINDOWS\System32\USER32.dll
0x00007fffcd9d0000 - 0x00007fffcdc63000 	C:\WINDOWS\WinSxS\amd64_microsoft.windows.common-controls_6595b64144ccf1df_6.0.26100.7705_none_3e06597ae3363b04\COMCTL32.dll
0x00007fffe9fb0000 - 0x00007fffe9fd7000 	C:\WINDOWS\System32\win32u.dll
0x00007fffeb6c0000 - 0x00007fffeb6eb000 	C:\WINDOWS\System32\GDI32.dll
0x00007fffec150000 - 0x00007fffec1f9000 	C:\WINDOWS\System32\msvcrt.dll
0x00007fffe9e80000 - 0x00007fffe9fab000 	C:\WINDOWS\System32\gdi32full.dll
0x00007fffe9910000 - 0x00007fffe99b3000 	C:\WINDOWS\System32\msvcp_win.dll
0x00007fffebcf0000 - 0x00007fffebd21000 	C:\WINDOWS\System32\IMM32.DLL
0x00007fffdc560000 - 0x00007fffdc56c000 	D:\Program Files\Android\Android Studio\jbr\bin\vcruntime140_1.dll
0x00007fffb8eb0000 - 0x00007fffb8f3d000 	D:\Program Files\Android\Android Studio\jbr\bin\msvcp140.dll
0x00007fff6dbc0000 - 0x00007fff6e856000 	D:\Program Files\Android\Android Studio\jbr\bin\server\jvm.dll
0x00007fffec060000 - 0x00007fffec114000 	C:\WINDOWS\System32\ADVAPI32.dll
0x00007fffebd40000 - 0x00007fffebde6000 	C:\WINDOWS\System32\sechost.dll
0x00007fffea480000 - 0x00007fffea598000 	C:\WINDOWS\System32\RPCRT4.dll
0x00007fffebdf0000 - 0x00007fffebe64000 	C:\WINDOWS\System32\WS2_32.dll
0x00007fffe7710000 - 0x00007fffe776e000 	C:\WINDOWS\SYSTEM32\POWRPROF.dll
0x00007fffd80c0000 - 0x00007fffd80cb000 	C:\WINDOWS\SYSTEM32\VERSION.dll
0x00007fffd87c0000 - 0x00007fffd87f5000 	C:\WINDOWS\SYSTEM32\WINMM.dll
0x00007fffe76f0000 - 0x00007fffe7704000 	C:\WINDOWS\SYSTEM32\UMPDC.dll
0x00007fffe79d0000 - 0x00007fffe79eb000 	C:\WINDOWS\SYSTEM32\kernel.appcore.dll
0x00007fffdc430000 - 0x00007fffdc43a000 	D:\Program Files\Android\Android Studio\jbr\bin\jimage.dll
0x00007fffd6920000 - 0x00007fffd6b62000 	C:\WINDOWS\SYSTEM32\DBGHELP.DLL
0x00007fffeb210000 - 0x00007fffeb596000 	C:\WINDOWS\System32\combase.dll
0x00007fffeb6f0000 - 0x00007fffeb7c7000 	C:\WINDOWS\System32\OLEAUT32.dll
0x00007fffb5470000 - 0x00007fffb54ab000 	C:\WINDOWS\SYSTEM32\dbgcore.DLL
0x00007fffe9bc0000 - 0x00007fffe9c65000 	C:\WINDOWS\System32\bcryptPrimitives.dll
0x00007fffdc520000 - 0x00007fffdc52e000 	D:\Program Files\Android\Android Studio\jbr\bin\instrument.dll
0x00007fffd88b0000 - 0x00007fffd88d0000 	D:\Program Files\Android\Android Studio\jbr\bin\java.dll
0x00007fffd4ee0000 - 0x00007fffd4ef8000 	D:\Program Files\Android\Android Studio\jbr\bin\zip.dll
0x00007fffea660000 - 0x00007fffeadb1000 	C:\WINDOWS\System32\SHELL32.dll
0x00007fffe9a50000 - 0x00007fffe9bba000 	C:\WINDOWS\System32\wintypes.dll
0x00007fffe90a0000 - 0x00007fffe9902000 	C:\WINDOWS\System32\windows.storage.dll
0x00007fffeb110000 - 0x00007fffeb206000 	C:\WINDOWS\System32\SHCORE.dll
0x00007fffeb0a0000 - 0x00007fffeb107000 	C:\WINDOWS\System32\shlwapi.dll
0x00007fffe8a40000 - 0x00007fffe8a69000 	C:\WINDOWS\SYSTEM32\profapi.dll
0x00007fffdc380000 - 0x00007fffdc390000 	D:\Program Files\Android\Android Studio\jbr\bin\net.dll
0x00007fffe2cb0000 - 0x00007fffe2dd7000 	C:\WINDOWS\SYSTEM32\WINHTTP.dll
0x00007fffe7f60000 - 0x00007fffe7fcb000 	C:\WINDOWS\system32\mswsock.dll
0x00007fffd3310000 - 0x00007fffd3326000 	D:\Program Files\Android\Android Studio\jbr\bin\nio.dll
0x00007fffd2a50000 - 0x00007fffd2a60000 	D:\Program Files\Android\Android Studio\jbr\bin\verify.dll
0x00007fffbd390000 - 0x00007fffbd3b7000 	C:\Users\LENOVO\.gradle\native\1def1411415f61bf3af743bc5b6707747c0891f09f0c88961ee8f79bc544acac\windows-amd64\native-platform.dll
0x00007fffb7660000 - 0x00007fffb76d8000 	C:\Users\LENOVO\.gradle\native\0.2.7\x86_64-windows-gnu\gradle-fileevents.dll
0x00007fffd8e90000 - 0x00007fffd8e99000 	D:\Program Files\Android\Android Studio\jbr\bin\management.dll
0x00007fffd8ac0000 - 0x00007fffd8acb000 	D:\Program Files\Android\Android Studio\jbr\bin\management_ext.dll
0x00007fffec140000 - 0x00007fffec148000 	C:\WINDOWS\System32\PSAPI.DLL
0x00007fffe7320000 - 0x00007fffe7354000 	C:\WINDOWS\SYSTEM32\IPHLPAPI.DLL
0x00007fffebd30000 - 0x00007fffebd3a000 	C:\WINDOWS\System32\NSI.dll
0x00007fffdc310000 - 0x00007fffdc319000 	D:\Program Files\Android\Android Studio\jbr\bin\extnet.dll
0x00007fffe8220000 - 0x00007fffe823b000 	C:\WINDOWS\SYSTEM32\CRYPTSP.dll
0x00007fffe7920000 - 0x00007fffe7959000 	C:\WINDOWS\system32\rsaenh.dll
0x00007fffe8010000 - 0x00007fffe803b000 	C:\WINDOWS\SYSTEM32\USERENV.dll
0x00007fffe8a10000 - 0x00007fffe8a3a000 	C:\WINDOWS\SYSTEM32\bcrypt.dll
0x00007fffe8240000 - 0x00007fffe824c000 	C:\WINDOWS\SYSTEM32\CRYPTBASE.dll
0x00007fffe33f0000 - 0x00007fffe33f8000 	C:\WINDOWS\system32\wshunix.dll

JVMTI agents:
C:\Users\LENOVO\.gradle\wrapper\dists\gradle-8.13-bin\5xuhj0ry160q40clulazy9h7d\gradle-8.13\lib\agents\gradle-instrumentation-agent-8.13.jar path:D:\Program Files\Android\Android Studio\jbr\bin\instrument.dll, loaded, initialized, instrumentlib options:none

dbghelp: loaded successfully - version: 4.0.5 - missing functions: none
symbol engine: initialized successfully - sym options: 0x614 - pdb path: .;D:\Program Files\Android\Android Studio\jbr\bin;C:\WINDOWS\SYSTEM32;C:\WINDOWS\WinSxS\amd64_microsoft.windows.common-controls_6595b64144ccf1df_6.0.26100.7705_none_3e06597ae3363b04;D:\Program Files\Android\Android Studio\jbr\bin\server;C:\Users\LENOVO\.gradle\native\1def1411415f61bf3af743bc5b6707747c0891f09f0c88961ee8f79bc544acac\windows-amd64;C:\Users\LENOVO\.gradle\native\0.2.7\x86_64-windows-gnu

VM Arguments:
jvm_args: --add-opens=java.base/java.lang=ALL-UNNAMED --add-opens=java.base/java.lang.invoke=ALL-UNNAMED --add-opens=java.base/java.util=ALL-UNNAMED --add-opens=java.prefs/java.util.prefs=ALL-UNNAMED --add-exports=jdk.compiler/com.sun.tools.javac.api=ALL-UNNAMED --add-exports=jdk.compiler/com.sun.tools.javac.util=ALL-UNNAMED --add-opens=java.base/java.util=ALL-UNNAMED --add-opens=java.prefs/java.util.prefs=ALL-UNNAMED --add-opens=java.base/java.nio.charset=ALL-UNNAMED --add-opens=java.base/java.net=ALL-UNNAMED --add-opens=java.base/java.util.concurrent.atomic=ALL-UNNAMED --add-opens=java.xml/javax.xml.namespace=ALL-UNNAMED -Xmx2048m -Dfile.encoding=UTF-8 -Duser.country=ID -Duser.language=en -Duser.variant -javaagent:C:\Users\LENOVO\.gradle\wrapper\dists\gradle-8.13-bin\5xuhj0ry160q40clulazy9h7d\gradle-8.13\lib\agents\gradle-instrumentation-agent-8.13.jar 
java_command: org.gradle.launcher.daemon.bootstrap.GradleDaemon 8.13
java_class_path (initial): C:\Users\LENOVO\.gradle\wrapper\dists\gradle-8.13-bin\5xuhj0ry160q40clulazy9h7d\gradle-8.13\lib\gradle-daemon-main-8.13.jar
Launcher Type: SUN_STANDARD

[Global flags]
     intx CICompilerCount                          = 12                                        {product} {ergonomic}
     uint ConcGCThreads                            = 3                                         {product} {ergonomic}
     uint G1ConcRefinementThreads                  = 13                                        {product} {ergonomic}
   size_t G1HeapRegionSize                         = 1048576                                   {product} {ergonomic}
    uintx GCDrainStackTargetSize                   = 64                                        {product} {ergonomic}
   size_t InitialHeapSize                          = 255852544                                 {product} {ergonomic}
   size_t MarkStackSize                            = 4194304                                   {product} {ergonomic}
   size_t MaxHeapSize                              = 2147483648                                {product} {command line}
   size_t MaxNewSize                               = 1287651328                                {product} {ergonomic}
   size_t MinHeapDeltaBytes                        = 1048576                                   {product} {ergonomic}
   size_t MinHeapSize                              = 8388608                                   {product} {ergonomic}
    uintx NonNMethodCodeHeapSize                   = 7602480                                {pd product} {ergonomic}
    uintx NonProfiledCodeHeapSize                  = 122027880                              {pd product} {ergonomic}
    uintx ProfiledCodeHeapSize                     = 122027880                              {pd product} {ergonomic}
    uintx ReservedCodeCacheSize                    = 251658240                              {pd product} {ergonomic}
     bool SegmentedCodeCache                       = true                                      {product} {ergonomic}
   size_t SoftMaxHeapSize                          = 2147483648                             {manageable} {ergonomic}
     bool UseCompressedOops                        = true                           {product lp64_product} {ergonomic}
     bool UseG1GC                                  = true                                      {product} {ergonomic}
     bool UseLargePagesIndividualAllocation        = false                                  {pd product} {ergonomic}

Logging:
Log output configuration:
 #0: stdout all=warning uptime,level,tags foldmultilines=false
 #1: stderr all=off uptime,level,tags foldmultilines=false

Environment Variables:
JAVA_HOME=D:\Program Files\Android\Android Studio\jbr
PATH=C:\Python312\Scripts\;C:\Python312\;C:\Program Files\Zulu\zulu-8\bin\;C:\Windows\system32;C:\Windows;C:\Windows\System32\Wbem;C:\Windows\System32\WindowsPowerShell\v1.0\;C:\Windows\System32\OpenSSH\;C:\Program Files (x86)\NVIDIA Corporation\PhysX\Common;C:\MinGW\bin;D:\Program Files\Android\Android Studio\jbr\bin;C:\gradle-8.6\bin;C:\Program Files\Git\cmd;C:\WINDOWS\system32;C:\WINDOWS;C:\WINDOWS\System32\Wbem;C:\WINDOWS\System32\WindowsPowerShell\v1.0\;C:\WINDOWS\System32\OpenSSH\;C:\Program Files\nodejs\;C:\ProgramData\chocolatey\bin;C:\Program Files\NVIDIA Corporation\NVIDIA app\NvDLISR;D:\xampp\php;C:\ProgramData\ComposerSetup\bin;C:\Users\LENOVO\AppData\Local\Microsoft\WindowsApps;D:\Microsoft VS Code\bin;D:\SOFTWARE\JetBrains\IntelliJ IDEA Community Edition 2023.3.4\bin;C:\Users\LENOVO\AppData\Roaming\npm;C:\Users\LENOVO\.lmstudio\bin;C:\Users\LENOVO\AppData\Roaming\Composer\vendor\bin;C:\flutter\bin;
USERNAME=LENOVO
OS=Windows_NT
PROCESSOR_IDENTIFIER=AMD64 Family 25 Model 97 Stepping 2, AuthenticAMD
TMP=C:\Users\LENOVO\AppData\Local\Temp
TEMP=C:\Users\LENOVO\AppData\Local\Temp




Periodic native trim disabled

JNI global refs:
JNI global refs: 36, weak refs: 0

JNI global refs memory usage: 835, weak refs: 833

Process memory usage:
Resident Set Size: 393672K (2% of 15926300K total physical memory with 701492K free physical memory)

OOME stack traces (most recent first):
Classloader memory used:
Loader org.gradle.internal.classloader.VisitableURLClassLoader                         : 50756K
Loader bootstrap                                                                       : 23955K
Loader org.gradle.initialization.MixInLegacyTypesClassLoader                           : 11143K
Loader jdk.internal.loader.ClassLoaders$PlatformClassLoader                            : 509K
Loader jdk.internal.jrtfs.JrtFileSystemProvider$JrtFsLoader                            : 309K
Loader org.gradle.internal.classloader.VisitableURLClassLoader                         : 262K
Loader jdk.internal.loader.ClassLoaders$AppClassLoader                                 : 235K
Loader jdk.internal.reflect.DelegatingClassLoader                                      : 151K
Loader org.gradle.groovy.scripts.internal.DefaultScriptCompilationHandler$ScriptClassLoader: 123K
Loader org.gradle.internal.classloader.VisitableURLClassLoader$InstrumentingVisitableURLClassLoader: 46928B
Loader org.codehaus.groovy.runtime.callsite.CallSiteClassLoader                        : 17288B

Classes loaded by more than one classloader:
Class Program                                                                         : loaded 3 times (x 72B)
Class jdk.internal.jimage.BasicImageReader                                            : loaded 2 times (x 95B)
Class org.gradle.internal.classloader.ClassLoaderHierarchy                            : loaded 2 times (x 70B)
Class ijKotlinCoroutineJvmDebugInit1_a7st5spn14idh9pi9uyiatum9$_run_closure1          : loaded 2 times (x 139B)
Class org.gradle.api.internal.classpath.ManifestUtil                                  : loaded 2 times (x 71B)
Class jdk.internal.jimage.decompressor.StringSharingDecompressorFactory               : loaded 2 times (x 74B)
Class org.gradle.internal.classloader.DefaultClassLoaderFactory                       : loaded 2 times (x 82B)
Class org.gradle.internal.classloader.ClassLoaderVisitor                              : loaded 2 times (x 76B)
Class org.gradle.api.internal.classpath.EffectiveClassPath                            : loaded 2 times (x 90B)
Class org.gradle.api.internal.DefaultClassPathProvider                                : loaded 2 times (x 76B)
Class [Lorg.gradle.api.internal.ClassPathProvider;                                    : loaded 2 times (x 69B)
Class org.gradle.api.internal.ClassPathProvider                                       : loaded 2 times (x 70B)
Class jdk.internal.jrtfs.SystemImage                                                  : loaded 2 times (x 74B)
Class org.gradle.internal.service.UnknownServiceException                             : loaded 2 times (x 83B)
Class ijKotlinCoroutineJvmDebugInit1_a7st5spn14idh9pi9uyiatum9$_run_closure1$_closure2: loaded 2 times (x 139B)
Class ijJvmDebugger1_38mkwnzutsk9yqchhvz9ywkb                                         : loaded 2 times (x 179B)
Class org.gradle.internal.classpath.TransformedClassPath                              : loaded 2 times (x 96B)
Class org.gradle.internal.classloader.InstrumentingClassLoader                        : loaded 2 times (x 70B)
Class jdk.internal.jrtfs.SystemImage$1                                                : loaded 2 times (x 78B)
Class jdk.internal.jrtfs.SystemImage$2                                                : loaded 2 times (x 76B)
Class org.gradle.internal.service.ServiceLocator                                      : loaded 2 times (x 70B)
Class jdk.internal.jrtfs.JrtFileSystemProvider                                        : loaded 2 times (x 101B)
Class jdk.internal.jimage.ImageLocation                                               : loaded 2 times (x 90B)
Class jdk.internal.jrtfs.JrtDirectoryStream$1                                         : loaded 2 times (x 83B)
Class org.gradle.internal.InternalTransformer                                         : loaded 2 times (x 70B)
Class jdk.internal.jimage.ImageBufferCache$1                                          : loaded 2 times (x 83B)
Class org.gradle.internal.classloader.ClasspathUtil$1                                 : loaded 2 times (x 76B)
Class jdk.internal.jimage.ImageBufferCache$2                                          : loaded 2 times (x 91B)
Class org.gradle.api.internal.classpath.DefaultModuleRegistry$DefaultModule           : loaded 2 times (x 86B)
Class org.gradle.api.internal.classpath.Module                                        : loaded 2 times (x 70B)
Class org.gradle.api.internal.classpath.UnknownModuleException                        : loaded 2 times (x 82B)
Class jdk.internal.jimage.ImageHeader                                                 : loaded 2 times (x 71B)
Class ijJvmDebugger1_38mkwnzutsk9yqchhvz9ywkb$_run_closure1                           : loaded 2 times (x 139B)
Class org.gradle.api.internal.DefaultClassPathRegistry                                : loaded 2 times (x 76B)
Class org.gradle.api.internal.ClassPathRegistry                                       : loaded 2 times (x 70B)
Class org.gradle.internal.classpath.DefaultClassPath$ImmutableUniqueList              : loaded 2 times (x 199B)
Class jdk.internal.jimage.decompressor.ResourceDecompressor                           : loaded 2 times (x 70B)
Class org.gradle.internal.classloader.FilteringClassLoader                            : loaded 2 times (x 105B)
Class Settings_gradle$1                                                               : loaded 2 times (x 74B)
Class org.gradle.internal.classpath.ClassPath                                         : loaded 2 times (x 70B)
Class org.gradle.api.UncheckedIOException                                             : loaded 2 times (x 82B)
Class jdk.internal.jimage.ImageStringsReader                                          : loaded 2 times (x 80B)
Class jdk.internal.jimage.ImageReader                                                 : loaded 2 times (x 75B)
Class jdk.internal.jimage.ImageReader$SharedImageReader                               : loaded 2 times (x 95B)
Class org.gradle.internal.installation.GradleInstallation$1                           : loaded 2 times (x 75B)
Class org.gradle.api.internal.classpath.ModuleRegistry                                : loaded 2 times (x 70B)
Class jdk.internal.jimage.decompressor.ResourceDecompressorFactory                    : loaded 2 times (x 74B)
Class jdk.internal.jimage.ImageReader$Node                                            : loaded 2 times (x 84B)
Class org.gradle.api.internal.classpath.DefaultModuleRegistry                         : loaded 2 times (x 86B)
Class jdk.internal.jimage.BasicImageReader$1                                          : loaded 2 times (x 77B)
Class jdk.internal.jimage.decompressor.Decompressor                                   : loaded 2 times (x 72B)
Class jdk.internal.jimage.ImageReader$Resource                                        : loaded 2 times (x 84B)
Class org.gradle.internal.service.ServiceLookupException                              : loaded 2 times (x 82B)
Class jdk.internal.jrtfs.JrtFileAttributes                                            : loaded 2 times (x 83B)
Class org.gradle.internal.classloader.ClassLoaderFactory                              : loaded 2 times (x 70B)
Class org.gradle.internal.service.CachingServiceLocator                               : loaded 2 times (x 82B)
Class jdk.internal.jimage.ImageBufferCache                                            : loaded 2 times (x 71B)
Class jdk.internal.jrtfs.JrtPath                                                      : loaded 2 times (x 118B)
Class org.gradle.internal.classloader.ClasspathUtil                                   : loaded 2 times (x 71B)
Class org.gradle.api.specs.Spec                                                       : loaded 2 times (x 70B)
Class jdk.internal.jimage.ImageReader$SharedImageReader$LocationVisitor               : loaded 2 times (x 70B)
Class jdk.internal.jimage.decompressor.ResourceDecompressorRepository                 : loaded 2 times (x 71B)
Class jdk.internal.jimage.ImageReader$Directory                                       : loaded 2 times (x 84B)
Class org.gradle.internal.classloader.VisitableURLClassLoader$InstrumentingVisitableURLClassLoader: loaded 2 times (x 123B)
Class org.gradle.internal.classloader.VisitableURLClassLoader$Spec                    : loaded 2 times (x 74B)
Class org.gradle.internal.classpath.DefaultClassPath                                  : loaded 2 times (x 90B)
Class jdk.internal.jimage.decompressor.ZipDecompressorFactory                         : loaded 2 times (x 74B)
Class org.gradle.internal.classloader.ClassLoaderSpec                                 : loaded 2 times (x 71B)
Class Settings_gradle$1$1                                                             : loaded 2 times (x 74B)
Class org.gradle.internal.classloader.VisitableURLClassLoader                         : loaded 2 times (x 117B)
Class Settings_gradle                                                                 : loaded 2 times (x 128B)
Class org.gradle.internal.Cast                                                        : loaded 2 times (x 71B)
Class org.gradle.api.Action                                                           : loaded 2 times (x 70B)
Class jdk.internal.jimage.decompressor.ZipDecompressor                                : loaded 2 times (x 75B)
Class org.gradle.internal.classpath.DefaultClassPath$ImmutableUniqueList$Builder      : loaded 2 times (x 75B)
Class org.gradle.api.GradleException                                                  : loaded 2 times (x 82B)
Class jdk.internal.jimage.ImageStrings                                                : loaded 2 times (x 70B)
Class org.gradle.internal.IoActions                                                   : loaded 2 times (x 71B)
Class org.gradle.internal.classloader.SystemClassLoaderSpec                           : loaded 2 times (x 71B)
Class ijKotlinCoroutineJvmDebugInit1_a7st5spn14idh9pi9uyiatum9                        : loaded 2 times (x 179B)
Class jdk.internal.jrtfs.JrtFileSystem                                                : loaded 2 times (x 102B)
Class jdk.internal.jimage.decompressor.CompressedResourceHeader                       : loaded 2 times (x 71B)
Class org.gradle.api.internal.classpath.GlobalCacheRootsProvider                      : loaded 2 times (x 70B)
Class org.gradle.internal.installation.CurrentGradleInstallationLocator               : loaded 2 times (x 71B)
Class org.gradle.internal.service.DefaultServiceLocator                               : loaded 2 times (x 83B)
Class jdk.internal.jrtfs.JrtDirectoryStream                                           : loaded 2 times (x 89B)
Class org.gradle.internal.installation.CurrentGradleInstallation                      : loaded 2 times (x 73B)
Class ijJvmDebugger1_38mkwnzutsk9yqchhvz9ywkb$_run_closure1$_closure2                 : loaded 2 times (x 140B)
Class org.gradle.util.internal.GUtil                                                  : loaded 2 times (x 71B)
Class org.gradle.internal.installation.GradleInstallation                             : loaded 2 times (x 75B)
Class jdk.internal.jimage.decompressor.ResourceDecompressor$StringsProvider           : loaded 2 times (x 70B)

---------------  S Y S T E M  ---------------

OS:
 Windows 11 , 64 bit Build 26100 (10.0.26100.7705)
OS uptime: 5 days 7:27 hours
Hyper-V role detected

CPU: total 16 (initial active 16) (16 cores per cpu, 2 threads per core) family 25 model 97 stepping 2 microcode 0xa60120c, cx8, cmov, fxsr, ht, mmx, 3dnowpref, sse, sse2, sse3, ssse3, sse4a, sse4.1, sse4.2, popcnt, lzcnt, tsc, tscinvbit, avx, avx2, aes, erms, clmul, bmi1, bmi2, adx, avx512f, avx512dq, avx512cd, avx512bw, avx512vl, sha, fma, vzeroupper, avx512_vpopcntdq, avx512_vpclmulqdq, avx512_vaes, avx512_vnni, clflush, clflushopt, avx512_vbmi2, avx512_vbmi, hv, rdtscp, rdpid, fsrm, gfni, avx512_bitalg, f16c, cet_ss, avx512_ifma
Processor Information for processor 0
  Max Mhz: 3601, Current Mhz: 3601, Mhz Limit: 3601
Processor Information for processor 1
  Max Mhz: 3601, Current Mhz: 2887, Mhz Limit: 3601
Processor Information for processor 2
  Max Mhz: 3601, Current Mhz: 2887, Mhz Limit: 3601
Processor Information for processor 3
  Max Mhz: 3601, Current Mhz: 3601, Mhz Limit: 3601
Processor Information for processor 4
  Max Mhz: 3601, Current Mhz: 2887, Mhz Limit: 3601
Processor Information for processor 5
  Max Mhz: 3601, Current Mhz: 2887, Mhz Limit: 3601
Processor Information for processor 6
  Max Mhz: 3601, Current Mhz: 2887, Mhz Limit: 3601
Processor Information for processor 7
  Max Mhz: 3601, Current Mhz: 2887, Mhz Limit: 3601
Processor Information for processor 8
  Max Mhz: 3601, Current Mhz: 2887, Mhz Limit: 3601
Processor Information for processor 9
  Max Mhz: 3601, Current Mhz: 2887, Mhz Limit: 3601
Processor Information for processor 10
  Max Mhz: 3601, Current Mhz: 2887, Mhz Limit: 3601
Processor Information for processor 11
  Max Mhz: 3601, Current Mhz: 2887, Mhz Limit: 3601
Processor Information for processor 12
  Max Mhz: 3601, Current Mhz: 3601, Mhz Limit: 3601
Processor Information for processor 13
  Max Mhz: 3601, Current Mhz: 2887, Mhz Limit: 3601
Processor Information for processor 14
  Max Mhz: 3601, Current Mhz: 2887, Mhz Limit: 3601
Processor Information for processor 15
  Max Mhz: 3601, Current Mhz: 2887, Mhz Limit: 3601

Memory: 4k page, system-wide physical 15553M (685M free)
TotalPageFile size 28828M (AvailPageFile size 18M)
current process WorkingSet (physical memory assigned to process): 384M, peak: 384M
current process commit charge ("private bytes"): 428M, peak: 469M

vm_info: OpenJDK 64-Bit Server VM (21.0.8+-14196175-b1038.72) for windows-amd64 JRE (21.0.8+-14196175-b1038.72), built on 2025-10-01T10:24:33Z by "builder" with MS VC++ 16.10 / 16.11 (VS2019)

END.
